#
# There is insufficient memory for the Java Runtime Environment to continue.
# Native memory allocation (mmap) failed to map 266338304 bytes for G1 virtual space
# Possible reasons:
#   The system is out of physical RAM or swap space
#   The process is running with CompressedOops enabled, and the Java Heap may be blocking the growth of the native heap
# Possible solutions:
#   Reduce memory load on the system
#   Increase physical memory or swap space
#   Check if swap backing store is full
#   Decrease Java heap size (-Xmx/-Xms)
#   Decrease number of Java threads
#   Decrease Java thread stack sizes (-Xss)
#   Set larger code cache with -XX:ReservedCodeCacheSize=
#   JVM is running with Zero Based Compressed Oops mode in which the Java heap is
#     placed in the first 32GB address space. The Java Heap base address is the
#     maximum limit for the native heap growth. Please use -XX:HeapBaseMinAddress
#     to set the Java Heap base and to place the Java Heap above 32GB virtual address.
# This output file may be truncated or incomplete.
#
#  Out of Memory Error (os_windows.cpp:3550), pid=9664, tid=17744
#
# JRE version:  (17.0.8+9) (build )
# Java VM: Java HotSpot(TM) 64-Bit Server VM (17.0.8+9-LTS-211, mixed mode, emulated-client, sharing, tiered, compressed oops, compressed class ptrs, g1 gc, windows-amd64)
# No core dump will be written. Minidumps are not enabled by default on client versions of Windows
#

---------------  S U M M A R Y ------------

Command Line: -XX:TieredStopAtLevel=1 -Dspring.output.ansi.enabled=always -Dcom.sun.management.jmxremote -Dspring.jmx.enabled=true -Dspring.liveBeansView.mbeanDomain -Dspring.application.admin.enabled=true -Dmanagement.endpoints.jmx.exposure.include=* -javaagent:C:\Users\jabarfalih\AppData\Local\Programs\IntelliJ IDEA Ultimate\lib\idea_rt.jar=58290:C:\Users\jabarfalih\AppData\Local\Programs\IntelliJ IDEA Ultimate\bin -Dfile.encoding=UTF-8 com.zabbarfalih.sipstis.SipstisApplication

Host: 11th Gen Intel(R) Core(TM) i5-11400H @ 2.70GHz, 12 cores, 15G,  Windows 11 , 64 bit Build 22621 (10.0.22621.2506)
Time: Sat Dec 16 10:28:46 2023 SE Asia Standard Time elapsed time: 0.024207 seconds (0d 0h 0m 0s)

---------------  T H R E A D  ---------------

Current thread (0x00000287a95e2040):  JavaThread "Unknown thread" [_thread_in_vm, id=17744, stack(0x000000e6ba900000,0x000000e6baa00000)]

Stack: [0x000000e6ba900000,0x000000e6baa00000]
Native frames: (J=compiled Java code, j=interpreted, Vv=VM code, C=native code)
V  [jvm.dll+0x677d0a]
V  [jvm.dll+0x7d8c54]
V  [jvm.dll+0x7da3fe]
V  [jvm.dll+0x7daa63]
V  [jvm.dll+0x245c5f]
V  [jvm.dll+0x674bb9]
V  [jvm.dll+0x6694f2]
V  [jvm.dll+0x3031d6]
V  [jvm.dll+0x30a756]
V  [jvm.dll+0x359f9e]
V  [jvm.dll+0x35a1cf]
V  [jvm.dll+0x2da3e8]
V  [jvm.dll+0x2db354]
V  [jvm.dll+0x7aa711]
V  [jvm.dll+0x367b51]
V  [jvm.dll+0x789979]
V  [jvm.dll+0x3eb05f]
V  [jvm.dll+0x3ecae1]
C  [jli.dll+0x5297]
C  [ucrtbase.dll+0x29363]
C  [KERNEL32.DLL+0x1257d]
C  [ntdll.dll+0x5aa58]


---------------  P R O C E S S  ---------------

Threads class SMR info:
_java_thread_list=0x00007ffb06a259d8, length=0, elements={
}

Java Threads: ( => current thread )

Other Threads:
  0x00000287a964e9a0 GCTaskThread "GC Thread#0" [stack: 0x000000e6baa00000,0x000000e6bab00000] [id=2936]
  0x00000287a965f440 ConcurrentGCThread "G1 Main Marker" [stack: 0x000000e6bab00000,0x000000e6bac00000] [id=16220]
  0x00000287a965fd60 ConcurrentGCThread "G1 Conc#0" [stack: 0x000000e6bac00000,0x000000e6bad00000] [id=20516]

[error occurred during error reporting (printing all threads), id 0xc0000005, EXCEPTION_ACCESS_VIOLATION (0xc0000005) at pc=0x00007ffb0625b047]

VM state: not at safepoint (not fully initialized)

VM Mutex/Monitor currently owned by a thread:  ([mutex/lock_event])
[0x00000287a95db550] Heap_lock - owner thread: 0x00000287a95e2040

Heap address: 0x0000000703a00000, size: 4038 MB, Compressed Oops mode: Zero based, Oop shift amount: 3

CDS archive(s) mapped at: [0x0000000000000000-0x0000000000000000-0x0000000000000000), size 0, SharedBaseAddress: 0x0000000800000000, ArchiveRelocationMode: 1.
Narrow klass base: 0x0000000000000000, Narrow klass shift: 0, Narrow klass range: 0x0

GC Precious Log:
<Empty>

Heap:
 garbage-first heap   total 0K, used 0K [0x0000000703a00000, 0x0000000800000000)
  region size 2048K, 0 young (0K), 0 survivors (0K)

[error occurred during error reporting (printing heap information), id 0xc0000005, EXCEPTION_ACCESS_VIOLATION (0xc0000005) at pc=0x00007ffb06641499]

GC Heap History (0 events):
No events

Deoptimization events (0 events):
No events

Classes unloaded (0 events):
No events

Classes redefined (0 events):
No events

Internal exceptions (0 events):
No events

VM Operations (0 events):
No events

Events (1 events):
Event: 0.013 Loaded shared library C:\Program Files\Java\jdk-17\bin\java.dll


Dynamic libraries:
0x00007ff7ce610000 - 0x00007ff7ce620000 	C:\Program Files\Java\jdk-17\bin\java.exe
0x00007ffb94fd0000 - 0x00007ffb951e7000 	C:\WINDOWS\SYSTEM32\ntdll.dll
0x00007ffb932f0000 - 0x00007ffb933b4000 	C:\WINDOWS\System32\KERNEL32.DLL
0x00007ffb92340000 - 0x00007ffb926e6000 	C:\WINDOWS\System32\KERNELBASE.dll
0x00007ffb92760000 - 0x00007ffb92871000 	C:\WINDOWS\System32\ucrtbase.dll
0x00007ffb0a360000 - 0x00007ffb0a379000 	C:\Program Files\Java\jdk-17\bin\jli.dll
0x00007ffb0a340000 - 0x00007ffb0a35b000 	C:\Program Files\Java\jdk-17\bin\VCRUNTIME140.dll
0x00007ffb94750000 - 0x00007ffb94801000 	C:\WINDOWS\System32\ADVAPI32.dll
0x00007ffb94ed0000 - 0x00007ffb94f77000 	C:\WINDOWS\System32\msvcrt.dll
0x00007ffb94ce0000 - 0x00007ffb94d85000 	C:\WINDOWS\System32\sechost.dll
0x00007ffb931a0000 - 0x00007ffb932b7000 	C:\WINDOWS\System32\RPCRT4.dll
0x00007ffb94810000 - 0x00007ffb949be000 	C:\WINDOWS\System32\USER32.dll
0x00007ffb70740000 - 0x00007ffb709d3000 	C:\WINDOWS\WinSxS\amd64_microsoft.windows.common-controls_6595b64144ccf1df_6.0.22621.2506_none_270c5ae97388e100\COMCTL32.dll
0x00007ffb92b10000 - 0x00007ffb92b36000 	C:\WINDOWS\System32\win32u.dll
0x00007ffb932c0000 - 0x00007ffb932e9000 	C:\WINDOWS\System32\GDI32.dll
0x00007ffb92b40000 - 0x00007ffb92c58000 	C:\WINDOWS\System32\gdi32full.dll
0x00007ffb92a70000 - 0x00007ffb92b0a000 	C:\WINDOWS\System32\msvcp_win.dll
0x00007ffb89690000 - 0x00007ffb8969a000 	C:\WINDOWS\SYSTEM32\VERSION.dll
0x00007ffb935a0000 - 0x00007ffb935d1000 	C:\WINDOWS\System32\IMM32.DLL
0x00007ffb62fe0000 - 0x00007ffb62fec000 	C:\Program Files\Java\jdk-17\bin\vcruntime140_1.dll
0x00007ffb0a2b0000 - 0x00007ffb0a33e000 	C:\Program Files\Java\jdk-17\bin\msvcp140.dll
0x00007ffb05f70000 - 0x00007ffb06b4e000 	C:\Program Files\Java\jdk-17\bin\server\jvm.dll
0x00007ffb94710000 - 0x00007ffb94718000 	C:\WINDOWS\System32\PSAPI.DLL
0x00007ffb77bf0000 - 0x00007ffb77bf9000 	C:\WINDOWS\SYSTEM32\WSOCK32.dll
0x00007ffb89870000 - 0x00007ffb898a4000 	C:\WINDOWS\SYSTEM32\WINMM.dll
0x00007ffb949c0000 - 0x00007ffb94a31000 	C:\WINDOWS\System32\WS2_32.dll
0x00007ffb913f0000 - 0x00007ffb91408000 	C:\WINDOWS\SYSTEM32\kernel.appcore.dll
0x00007ffb5b330000 - 0x00007ffb5b33a000 	C:\Program Files\Java\jdk-17\bin\jimage.dll
0x00007ffb8fc10000 - 0x00007ffb8fe43000 	C:\WINDOWS\SYSTEM32\DBGHELP.DLL
0x00007ffb93910000 - 0x00007ffb93c99000 	C:\WINDOWS\System32\combase.dll
0x00007ffb934c0000 - 0x00007ffb93597000 	C:\WINDOWS\System32\OLEAUT32.dll
0x00007ffb76d30000 - 0x00007ffb76d62000 	C:\WINDOWS\SYSTEM32\dbgcore.DLL
0x00007ffb92880000 - 0x00007ffb928fa000 	C:\WINDOWS\System32\bcryptPrimitives.dll
0x00007ffb89ab0000 - 0x00007ffb89abe000 	C:\Program Files\Java\jdk-17\bin\instrument.dll
0x00007ffb0a280000 - 0x00007ffb0a2a5000 	C:\Program Files\Java\jdk-17\bin\java.dll

dbghelp: loaded successfully - version: 4.0.5 - missing functions: none
symbol engine: initialized successfully - sym options: 0x614 - pdb path: .;C:\Program Files\Java\jdk-17\bin;C:\WINDOWS\SYSTEM32;C:\WINDOWS\WinSxS\amd64_microsoft.windows.common-controls_6595b64144ccf1df_6.0.22621.2506_none_270c5ae97388e100;C:\Program Files\Java\jdk-17\bin\server

VM Arguments:
jvm_args: -XX:TieredStopAtLevel=1 -Dspring.output.ansi.enabled=always -Dcom.sun.management.jmxremote -Dspring.jmx.enabled=true -Dspring.liveBeansView.mbeanDomain -Dspring.application.admin.enabled=true -Dmanagement.endpoints.jmx.exposure.include=* -javaagent:C:\Users\jabarfalih\AppData\Local\Programs\IntelliJ IDEA Ultimate\lib\idea_rt.jar=58290:C:\Users\jabarfalih\AppData\Local\Programs\IntelliJ IDEA Ultimate\bin -Dfile.encoding=UTF-8 
java_command: com.zabbarfalih.sipstis.SipstisApplication
java_class_path (initial): D:\STIS\Semester 5\PPK\UTS\ppk_3si2_muhammad-zabbar-falihin_222112225\sipstis\target\classes;C:\Users\jabarfalih\.m2\repository\org\springframework\boot\spring-boot-starter-data-jpa\3.1.3\spring-boot-starter-data-jpa-3.1.3.jar;C:\Users\jabarfalih\.m2\repository\org\springframework\boot\spring-boot-starter-aop\3.1.3\spring-boot-starter-aop-3.1.3.jar;C:\Users\jabarfalih\.m2\repository\org\aspectj\aspectjweaver\1.9.20\aspectjweaver-1.9.20.jar;C:\Users\jabarfalih\.m2\repository\org\springframework\boot\spring-boot-starter-jdbc\3.1.3\spring-boot-starter-jdbc-3.1.3.jar;C:\Users\jabarfalih\.m2\repository\com\zaxxer\HikariCP\5.0.1\HikariCP-5.0.1.jar;C:\Users\jabarfalih\.m2\repository\org\springframework\spring-jdbc\6.0.11\spring-jdbc-6.0.11.jar;C:\Users\jabarfalih\.m2\repository\org\hibernate\orm\hibernate-core\6.2.7.Final\hibernate-core-6.2.7.Final.jar;C:\Users\jabarfalih\.m2\repository\jakarta\persistence\jakarta.persistence-api\3.1.0\jakarta.persistence-api-3.1.0.jar;C:\Users\jabarfalih\.m2\repository\jakarta\transaction\jakarta.transaction-api\2.0.1\jakarta.transaction-api-2.0.1.jar;C:\Users\jabarfalih\.m2\repository\org\jboss\logging\jboss-logging\3.5.3.Final\jboss-logging-3.5.3.Final.jar;C:\Users\jabarfalih\.m2\repository\org\hibernate\common\hibernate-commons-annotations\6.0.6.Final\hibernate-commons-annotations-6.0.6.Final.jar;C:\Users\jabarfalih\.m2\repository\io\smallrye\jandex\3.0.5\jandex-3.0.5.jar;C:\Users\jabarfalih\.m2\repository\com\fasterxml\classmate\1.5.1\classmate-1.5.1.jar;C:\Users\jabarfalih\.m2\repository\net\bytebuddy\byte-buddy\1.14.6\byte-buddy-1.14.6.jar;C:\Users\jabarfalih\.m2\repository\org\glassfish\jaxb\jaxb-runtime\4.0.3\jaxb-runtime-4.0.3.jar;C:\Users\jabarfalih\.m2\repository\org\glassfish\jaxb\jaxb-core\4.0.3\jaxb-core-4.0.3.jar;C:\Users\jabarfalih\.m2\repository\org\eclipse\angus\angus-activation\2.0.1\angus-activation-2.0.1.jar;C:\Users\jabarfalih\.m2\repository\org\glassfish\jaxb\txw2\4.0.3\txw2-4.0.3.jar;C:
Launcher Type: SUN_STANDARD

[Global flags]
     intx CICompilerCount                          = 4                                         {product} {ergonomic}
     uint ConcGCThreads                            = 3                                         {product} {ergonomic}
     uint G1ConcRefinementThreads                  = 10                                        {product} {ergonomic}
   size_t G1HeapRegionSize                         = 2097152                                   {product} {ergonomic}
    uintx GCDrainStackTargetSize                   = 64                                        {product} {ergonomic}
   size_t InitialHeapSize                          = 266338304                                 {product} {ergonomic}
     bool ManagementServer                         = true                                      {product} {command line}
   size_t MarkStackSize                            = 4194304                                   {product} {ergonomic}
   size_t MaxHeapSize                              = 4234149888                                {product} {ergonomic}
   size_t MinHeapDeltaBytes                        = 2097152                                   {product} {ergonomic}
   size_t MinHeapSize                              = 8388608                                   {product} {ergonomic}
    uintx NonProfiledCodeHeapSize                  = 0                                      {pd product} {ergonomic}
     bool ProfileInterpreter                       = false                                  {pd product} {command line}
    uintx ProfiledCodeHeapSize                     = 0                                      {pd product} {ergonomic}
   size_t SoftMaxHeapSize                          = 4234149888                             {manageable} {ergonomic}
     intx TieredStopAtLevel                        = 1                                         {product} {command line}
     bool UseCompressedClassPointers               = true                           {product lp64_product} {ergonomic}
     bool UseCompressedOops                        = true                           {product lp64_product} {ergonomic}
     bool UseG1GC                                  = true                                      {product} {ergonomic}
     bool UseLargePagesIndividualAllocation        = false                                  {pd product} {ergonomic}

Logging:
Log output configuration:
 #0: stdout all=warning uptime,level,tags
 #1: stderr all=off uptime,level,tags

Environment Variables:
PATH=C:\Python311\Scripts\;C:\Python311\;C:\Program Files\Common Files\Oracle\Java\javapath;C:\Program Files (x86)\Common Files\Oracle\Java\javapath;C:\Program Files (x86)\Common Files\Intel\Shared Libraries\redist\intel64\compiler;C:\Windows\system32;C:\Windows;C:\Windows\System32\Wbem;C:\Windows\System32\WindowsPowerShell\v1.0\;C:\Windows\System32\OpenSSH\;C:\Program Files (x86)\NVIDIA Corporation\PhysX\Common;C:\Program Files\NVIDIA Corporation\NVIDIA NvDLISR;C:\WINDOWS\system32;C:\WINDOWS;C:\WINDOWS\System32\Wbem;C:\WINDOWS\System32\WindowsPowerShell\v1.0\;C:\WINDOWS\System32\OpenSSH\;C:\Program Files\dotnet\;C:\Program Files\PostgreSQL\15\bin;C:\MinGW\bin;C:\Program Files\Java\jdk-17\bin;C:\Program Files\Java\jdk-21\bin;C:\laragon\bin\php\php-8.0.2-Win32-vs16-x64;C:\ProgramData\ComposerSetup\bin;C:\nodejs\;C:\Program Files\Git\cmd;D:\STIS\Semester 5\Sisjarkom\P8\BIND9.16.44.x64;C:\laragon\bin;C:\laragon\bin\apache\httpd-2.4.54-win64-VS16\bin;C:\laragon\bin\composer;C:\laragon\bin\git\bin;C:\laragon\bin\git\cmd;C:\laragon\bin\git\mingw64\bin;C:\laragon\bin\git\usr\bin;C:\laragon\bin\laragon\utils;C:\laragon\bin\mysql\mysql-8.0.30-winx64\bin;C:\laragon\bin\nginx\nginx-1.22.0;C:\laragon\bin\ngrok;C:\laragon\bin\nodejs\node-v18;C:\laragon\bin\notepad++;C:\laragon\bin\php\php-8.0.2-Win32-vs16-x64;C:\laragon\bin\python\python-3.10;C:\laragon\bin\python\python-3.10\Scripts;C:\laragon\bin\redis\redis-x64-5.0.14.1;C:\laragon\bin\telnet;C:\laragon\usr\bin;C:\Users\jabarfalih\AppData\Local\Yarn\config\global\node_modules\.bin;C:\Users\jabarfalih\AppData\Roaming\Composer\vendor\bin;C:\Users\jabarfalih\AppData\Roaming\npm;C:\Users\jabarfalih\AppData\Local\Programs\Python\Python310\Scripts\;C:\Users\jabarfalih\AppData\Local\Programs\Python\Python310\;C:\Users\jabarfalih\AppData\Local\Microsoft\WindowsApps;C:\Program Files\MongoDB\Server\6.0\bin;C:\Program Files (x86)\Nmap;C:\Users\jabarfalih\AppData\Local\Programs\Microsoft VS Code\bin;C:\Users\jabarfalih\AppData\Local\JetBrain
USERNAME=jabarfalih
OS=Windows_NT
PROCESSOR_IDENTIFIER=Intel64 Family 6 Model 141 Stepping 1, GenuineIntel



---------------  S Y S T E M  ---------------

OS:
 Windows 11 , 64 bit Build 22621 (10.0.22621.2506)
OS uptime: 0 days 14:26 hours
Hyper-V role detected

CPU: total 12 (initial active 12) (6 cores per cpu, 2 threads per core) family 6 model 141 stepping 1 microcode 0x3c, cx8, cmov, fxsr, ht, mmx, 3dnowpref, sse, sse2, sse3, ssse3, sse4.1, sse4.2, popcnt, lzcnt, tsc, tscinvbit, avx, avx2, aes, erms, clmul, bmi1, bmi2, adx, avx512f, avx512dq, avx512cd, avx512bw, avx512vl, sha, fma, vzeroupper, avx512_vpopcntdq, avx512_vpclmulqdq, avx512_vaes, avx512_vnni, clflush, clflushopt, clwb, avx512_vbmi2, avx512_vbmi, hv

Memory: 4k page, system-wide physical 16147M (1490M free)
TotalPageFile size 18195M (AvailPageFile size 190M)
current process WorkingSet (physical memory assigned to process): 11M, peak: 11M
current process commit charge ("private bytes"): 59M, peak: 313M

vm_info: Java HotSpot(TM) 64-Bit Server VM (17.0.8+9-LTS-211) for windows-amd64 JRE (17.0.8+9-LTS-211), built on Jun 14 2023 10:34:31 by "mach5one" with MS VC++ 17.1 (VS2022)

END.
