#
# There is insufficient memory for the Java Runtime Environment to continue.
# Native memory allocation (malloc) failed to allocate 1546880 bytes for Chunk::new
# Possible reasons:
#   The system is out of physical RAM or swap space
#   The process is running with CompressedOops enabled, and the Java Heap may be blocking the growth of the native heap
# Possible solutions:
#   Reduce memory load on the system
#   Increase physical memory or swap space
#   Check if swap backing store is full
#   Decrease Java heap size (-Xmx/-Xms)
#   Decrease number of Java threads
#   Decrease Java thread stack sizes (-Xss)
#   Set larger code cache with -XX:ReservedCodeCacheSize=
#   JVM is running with Zero Based Compressed Oops mode in which the Java heap is
#     placed in the first 32GB address space. The Java Heap base address is the
#     maximum limit for the native heap growth. Please use -XX:HeapBaseMinAddress
#     to set the Java Heap base and to place the Java Heap above 32GB virtual address.
# This output file may be truncated or incomplete.
#
#  Out of Memory Error (arena.cpp:189), pid=2796, tid=15516
#
# JRE version: OpenJDK Runtime Environment (17.0.7) (build 17.0.7+0-b2043.56-10550314)
# Java VM: OpenJDK 64-Bit Server VM (17.0.7+0-b2043.56-10550314, mixed mode, tiered, compressed oops, compressed class ptrs, g1 gc, windows-amd64)
# No core dump will be written. Minidumps are not enabled by default on client versions of Windows
#

---------------  S U M M A R Y ------------

Command Line: org.jetbrains.kotlin.cli.jvm.K2JVMCompiler @C:\Users\jabarfalih\AndroidStudioProjects\SIPSTIS\app\build\20231217_5271777387335368542.compiler.options

Host: 11th Gen Intel(R) Core(TM) i5-11400H @ 2.70GHz, 12 cores, 15G,  Windows 11 , 64 bit Build 22621 (10.0.22621.2506)
Time: Sun Dec 17 09:06:56 2023 SE Asia Standard Time elapsed time: 9.394605 seconds (0d 0h 0m 9s)

---------------  T H R E A D  ---------------

Current thread (0x0000023a29bbf440):  JavaThread "C2 CompilerThread2" daemon [_thread_in_native, id=15516, stack(0x0000005d98100000,0x0000005d98200000)]


Current CompileTask:
C2:   9394 10830       4       org.jetbrains.kotlin.resolve.calls.inference.DescriptorRelatedInferenceUtilsKt::addSubsystemFromArgument (104 bytes)

Stack: [0x0000005d98100000,0x0000005d98200000]
Native frames: (J=compiled Java code, j=interpreted, Vv=VM code, C=native code)
V  [jvm.dll+0x683bfa]
V  [jvm.dll+0x8430a4]
V  [jvm.dll+0x8449be]
V  [jvm.dll+0x845023]
V  [jvm.dll+0x24ad2f]
V  [jvm.dll+0xac25c]
V  [jvm.dll+0xac82c]
V  [jvm.dll+0x36a187]
V  [jvm.dll+0x334821]
V  [jvm.dll+0x333cca]
V  [jvm.dll+0x21d251]
V  [jvm.dll+0x21c671]
V  [jvm.dll+0x1a605d]
V  [jvm.dll+0x22c148]
V  [jvm.dll+0x22a209]
V  [jvm.dll+0x7f858c]
V  [jvm.dll+0x7f2aea]
V  [jvm.dll+0x682a35]
C  [ucrtbase.dll+0x29363]
C  [KERNEL32.DLL+0x1257d]
C  [ntdll.dll+0x5aa58]


---------------  P R O C E S S  ---------------

Threads class SMR info:
_java_thread_list=0x0000023a2895b290, length=14, elements={
0x0000023a03fce920, 0x0000023a27037df0, 0x0000023a27039140, 0x0000023a2705e950,
0x0000023a2705f400, 0x0000023a2705ac10, 0x0000023a2705bcf0, 0x0000023a270a2ff0,
0x0000023a270a4090, 0x0000023a270c1500, 0x0000023a2724fb90, 0x0000023a2725dd40,
0x0000023a2759d1b0, 0x0000023a29bbf440
}

Java Threads: ( => current thread )
  0x0000023a03fce920 JavaThread "main" [_thread_in_Java, id=1720, stack(0x0000005d96200000,0x0000005d96300000)]
  0x0000023a27037df0 JavaThread "Reference Handler" daemon [_thread_blocked, id=13672, stack(0x0000005d96900000,0x0000005d96a00000)]
  0x0000023a27039140 JavaThread "Finalizer" daemon [_thread_blocked, id=13572, stack(0x0000005d96a00000,0x0000005d96b00000)]
  0x0000023a2705e950 JavaThread "Signal Dispatcher" daemon [_thread_blocked, id=16836, stack(0x0000005d96b00000,0x0000005d96c00000)]
  0x0000023a2705f400 JavaThread "Attach Listener" daemon [_thread_blocked, id=21300, stack(0x0000005d96c00000,0x0000005d96d00000)]
  0x0000023a2705ac10 JavaThread "Service Thread" daemon [_thread_blocked, id=16884, stack(0x0000005d96d00000,0x0000005d96e00000)]
  0x0000023a2705bcf0 JavaThread "Monitor Deflation Thread" daemon [_thread_blocked, id=12540, stack(0x0000005d96e00000,0x0000005d96f00000)]
  0x0000023a270a2ff0 JavaThread "C2 CompilerThread0" daemon [_thread_in_native, id=13020, stack(0x0000005d96f00000,0x0000005d97000000)]
  0x0000023a270a4090 JavaThread "C1 CompilerThread0" daemon [_thread_blocked, id=14996, stack(0x0000005d97000000,0x0000005d97100000)]
  0x0000023a270c1500 JavaThread "Sweeper thread" daemon [_thread_blocked, id=5980, stack(0x0000005d97100000,0x0000005d97200000)]
  0x0000023a2724fb90 JavaThread "Notification Thread" daemon [_thread_blocked, id=17812, stack(0x0000005d97200000,0x0000005d97300000)]
  0x0000023a2725dd40 JavaThread "Common-Cleaner" daemon [_thread_blocked, id=1276, stack(0x0000005d97400000,0x0000005d97500000)]
  0x0000023a2759d1b0 JavaThread "C2 CompilerThread1" daemon [_thread_in_native, id=21108, stack(0x0000005d97500000,0x0000005d97600000)]
=>0x0000023a29bbf440 JavaThread "C2 CompilerThread2" daemon [_thread_in_native, id=15516, stack(0x0000005d98100000,0x0000005d98200000)]

Other Threads:
  0x0000023a27035ab0 VMThread "VM Thread" [stack: 0x0000005d96800000,0x0000005d96900000] [id=7392]
  0x0000023a22c85030 WatcherThread [stack: 0x0000005d97300000,0x0000005d97400000] [id=14084]
  0x0000023a0403a6d0 GCTaskThread "GC Thread#0" [stack: 0x0000005d96300000,0x0000005d96400000] [id=8228]
  0x0000023a277663d0 GCTaskThread "GC Thread#1" [stack: 0x0000005d97600000,0x0000005d97700000] [id=11720]
  0x0000023a27766680 GCTaskThread "GC Thread#2" [stack: 0x0000005d97700000,0x0000005d97800000] [id=10360]
  0x0000023a27766930 GCTaskThread "GC Thread#3" [stack: 0x0000005d97800000,0x0000005d97900000] [id=19128]
  0x0000023a27766be0 GCTaskThread "GC Thread#4" [stack: 0x0000005d97900000,0x0000005d97a00000] [id=12328]
  0x0000023a27775490 GCTaskThread "GC Thread#5" [stack: 0x0000005d97a00000,0x0000005d97b00000] [id=18840]
  0x0000023a27775740 GCTaskThread "GC Thread#6" [stack: 0x0000005d97b00000,0x0000005d97c00000] [id=20668]
  0x0000023a27774c80 GCTaskThread "GC Thread#7" [stack: 0x0000005d97c00000,0x0000005d97d00000] [id=14840]
  0x0000023a277764b0 GCTaskThread "GC Thread#8" [stack: 0x0000005d97d00000,0x0000005d97e00000] [id=14280]
  0x0000023a277759f0 GCTaskThread "GC Thread#9" [stack: 0x0000005d97e00000,0x0000005d97f00000] [id=17224]
  0x0000023a0404b260 ConcurrentGCThread "G1 Main Marker" [stack: 0x0000005d96400000,0x0000005d96500000] [id=6496]
  0x0000023a0404bc70 ConcurrentGCThread "G1 Conc#0" [stack: 0x0000005d96500000,0x0000005d96600000] [id=9148]
  0x0000023a27775ca0 ConcurrentGCThread "G1 Conc#1" [stack: 0x0000005d97f00000,0x0000005d98000000] [id=6068]
  0x0000023a27775f50 ConcurrentGCThread "G1 Conc#2" [stack: 0x0000005d98000000,0x0000005d98100000] [id=14468]
  0x0000023a0408e520 ConcurrentGCThread "G1 Refine#0" [stack: 0x0000005d96600000,0x0000005d96700000] [id=14444]
  0x0000023a2a324cb0 ConcurrentGCThread "G1 Refine#1" [stack: 0x0000005d98200000,0x0000005d98300000] [id=20088]
  0x0000023a2a322a30 ConcurrentGCThread "G1 Refine#2" [stack: 0x0000005d98300000,0x0000005d98400000] [id=8604]
  0x0000023a2a3249d0 ConcurrentGCThread "G1 Refine#3" [stack: 0x0000005d98400000,0x0000005d98500000] [id=5388]
  0x0000023a2a322d10 ConcurrentGCThread "G1 Refine#4" [stack: 0x0000005d98500000,0x0000005d98600000] [id=12748]
  0x0000023a2a3235b0 ConcurrentGCThread "G1 Refine#5" [stack: 0x0000005d98600000,0x0000005d98700000] [id=15020]
  0x0000023a22b4e140 ConcurrentGCThread "G1 Service" [stack: 0x0000005d96700000,0x0000005d96800000] [id=7968]

Threads with active compile tasks:
C2 CompilerThread0     9411 10826       4       org.jetbrains.kotlin.resolve.calls.util.CallUtilKt::getCall (227 bytes)
C2 CompilerThread1     9411 10847       4       org.jetbrains.kotlin.com.intellij.util.keyFMap.ArrayBackedFMap::plus (155 bytes)
C2 CompilerThread2     9411 10830       4       org.jetbrains.kotlin.resolve.calls.inference.DescriptorRelatedInferenceUtilsKt::addSubsystemFromArgument (104 bytes)

VM state: not at safepoint (normal execution)

VM Mutex/Monitor currently owned by a thread: None

Heap address: 0x0000000703a00000, size: 4038 MB, Compressed Oops mode: Zero based, Oop shift amount: 3

CDS archive(s) not mapped
Compressed class space mapped at: 0x0000000800000000-0x0000000840000000, reserved size: 1073741824
Narrow klass base: 0x0000000800000000, Narrow klass shift: 0, Narrow klass range: 0x40000000

GC Precious Log:
 CPUs: 12 total, 12 available
 Memory: 16147M
 Large Page Support: Disabled
 NUMA Support: Disabled
 Compressed Oops: Enabled (Zero based)
 Heap Region Size: 2M
 Heap Min Capacity: 8M
 Heap Initial Capacity: 254M
 Heap Max Capacity: 4038M
 Pre-touch: Disabled
 Parallel Workers: 10
 Concurrent Workers: 3
 Concurrent Refinement Workers: 10
 Periodic GC: Disabled

Heap:
 garbage-first heap   total 370688K, used 100352K [0x0000000703a00000, 0x0000000800000000)
  region size 2048K, 12 young (24576K), 4 survivors (8192K)
 Metaspace       used 66206K, committed 66496K, reserved 1114112K
  class space    used 7466K, committed 7616K, reserved 1048576K

Heap Regions: E=young(eden), S=young(survivor), O=old, HS=humongous(starts), HC=humongous(continues), CS=collection set, F=free, OA=open archive, CA=closed archive, TAMS=top-at-mark-start (previous, next)
|   0|0x0000000703a00000, 0x0000000703c00000, 0x0000000703c00000|100%|HS|  |TAMS 0x0000000703c00000, 0x0000000703a00000| Complete 
|   1|0x0000000703c00000, 0x0000000703e00000, 0x0000000703e00000|100%|HC|  |TAMS 0x0000000703e00000, 0x0000000703c00000| Complete 
|   2|0x0000000703e00000, 0x0000000704000000, 0x0000000704000000|100%| O|  |TAMS 0x0000000704000000, 0x0000000703e00000| Untracked 
|   3|0x0000000704000000, 0x0000000704200000, 0x0000000704200000|100%|HS|  |TAMS 0x0000000704200000, 0x0000000704000000| Complete 
|   4|0x0000000704200000, 0x0000000704400000, 0x0000000704400000|100%|HC|  |TAMS 0x0000000704400000, 0x0000000704200000| Complete 
|   5|0x0000000704400000, 0x0000000704600000, 0x0000000704600000|100%| O|  |TAMS 0x0000000704600000, 0x0000000704400000| Untracked 
|   6|0x0000000704600000, 0x0000000704800000, 0x0000000704800000|100%| O|  |TAMS 0x0000000704800000, 0x0000000704600000| Untracked 
|   7|0x0000000704800000, 0x0000000704a00000, 0x0000000704a00000|100%| O|  |TAMS 0x0000000704a00000, 0x0000000704800000| Untracked 
|   8|0x0000000704a00000, 0x0000000704c00000, 0x0000000704c00000|100%| O|  |TAMS 0x0000000704c00000, 0x0000000704a00000| Untracked 
|   9|0x0000000704c00000, 0x0000000704e00000, 0x0000000704e00000|100%| O|  |TAMS 0x0000000704e00000, 0x0000000704c00000| Untracked 
|  10|0x0000000704e00000, 0x0000000705000000, 0x0000000705000000|100%|HS|  |TAMS 0x0000000705000000, 0x0000000704e00000| Complete 
|  11|0x0000000705000000, 0x0000000705200000, 0x0000000705200000|100%| O|  |TAMS 0x0000000705200000, 0x0000000705000000| Untracked 
|  12|0x0000000705200000, 0x0000000705400000, 0x0000000705400000|100%| O|  |TAMS 0x0000000705400000, 0x0000000705200000| Untracked 
|  13|0x0000000705400000, 0x0000000705600000, 0x0000000705600000|100%| O|  |TAMS 0x0000000705600000, 0x0000000705400000| Untracked 
|  14|0x0000000705600000, 0x0000000705800000, 0x0000000705800000|100%| O|  |TAMS 0x0000000705800000, 0x0000000705600000| Untracked 
|  15|0x0000000705800000, 0x0000000705a00000, 0x0000000705a00000|100%| O|  |TAMS 0x0000000705a00000, 0x0000000705800000| Untracked 
|  16|0x0000000705a00000, 0x0000000705c00000, 0x0000000705c00000|100%| O|  |TAMS 0x0000000705c00000, 0x0000000705a00000| Untracked 
|  17|0x0000000705c00000, 0x0000000705e00000, 0x0000000705e00000|100%| O|  |TAMS 0x0000000705e00000, 0x0000000705c00000| Untracked 
|  18|0x0000000705e00000, 0x0000000706000000, 0x0000000706000000|100%| O|  |TAMS 0x0000000706000000, 0x0000000705e00000| Untracked 
|  19|0x0000000706000000, 0x0000000706200000, 0x0000000706200000|100%| O|  |TAMS 0x0000000706200000, 0x0000000706000000| Untracked 
|  20|0x0000000706200000, 0x0000000706400000, 0x0000000706400000|100%| O|  |TAMS 0x0000000706400000, 0x0000000706200000| Untracked 
|  21|0x0000000706400000, 0x0000000706600000, 0x0000000706600000|100%| O|  |TAMS 0x0000000706600000, 0x0000000706400000| Untracked 
|  22|0x0000000706600000, 0x0000000706800000, 0x0000000706800000|100%| O|  |TAMS 0x0000000706800000, 0x0000000706600000| Untracked 
|  23|0x0000000706800000, 0x0000000706a00000, 0x0000000706a00000|100%| O|  |TAMS 0x0000000706a00000, 0x0000000706800000| Untracked 
|  24|0x0000000706a00000, 0x0000000706c00000, 0x0000000706c00000|100%| O|  |TAMS 0x0000000706c00000, 0x0000000706a00000| Untracked 
|  25|0x0000000706c00000, 0x0000000706e00000, 0x0000000706e00000|100%|HS|  |TAMS 0x0000000706c00000, 0x0000000706c00000| Complete 
|  26|0x0000000706e00000, 0x0000000707000000, 0x0000000707000000|100%| O|  |TAMS 0x0000000706e00000, 0x0000000706e00000| Untracked 
|  27|0x0000000707000000, 0x0000000707200000, 0x0000000707200000|100%|HS|  |TAMS 0x0000000707000000, 0x0000000707000000| Complete 
|  28|0x0000000707200000, 0x0000000707400000, 0x0000000707400000|100%| O|  |TAMS 0x0000000707200000, 0x0000000707200000| Untracked 
|  29|0x0000000707400000, 0x0000000707600000, 0x0000000707600000|100%| O|  |TAMS 0x0000000707400000, 0x0000000707400000| Untracked 
|  30|0x0000000707600000, 0x0000000707800000, 0x0000000707800000|100%| O|  |TAMS 0x0000000707600000, 0x0000000707600000| Untracked 
|  31|0x0000000707800000, 0x0000000707a00000, 0x0000000707a00000|100%| O|  |TAMS 0x0000000707800000, 0x0000000707800000| Untracked 
|  32|0x0000000707a00000, 0x0000000707c00000, 0x0000000707c00000|100%| O|  |TAMS 0x0000000707a00000, 0x0000000707a00000| Untracked 
|  33|0x0000000707c00000, 0x0000000707e00000, 0x0000000707e00000|100%| O|  |TAMS 0x0000000707c00000, 0x0000000707c00000| Untracked 
|  34|0x0000000707e00000, 0x0000000708000000, 0x0000000708000000|100%| O|  |TAMS 0x0000000707e00000, 0x0000000707e00000| Untracked 
|  35|0x0000000708000000, 0x0000000708200000, 0x0000000708200000|100%| O|  |TAMS 0x0000000708000000, 0x0000000708000000| Untracked 
|  36|0x0000000708200000, 0x0000000708400000, 0x0000000708400000|100%| O|  |TAMS 0x0000000708200000, 0x0000000708200000| Untracked 
|  37|0x0000000708400000, 0x0000000708600000, 0x0000000708600000|100%| O|  |TAMS 0x0000000708400000, 0x0000000708400000| Untracked 
|  38|0x0000000708600000, 0x0000000708600000, 0x0000000708800000|  0%| F|  |TAMS 0x0000000708600000, 0x0000000708600000| Untracked 
|  39|0x0000000708800000, 0x0000000708800000, 0x0000000708a00000|  0%| F|  |TAMS 0x0000000708800000, 0x0000000708800000| Untracked 
|  40|0x0000000708a00000, 0x0000000708a00000, 0x0000000708c00000|  0%| F|  |TAMS 0x0000000708a00000, 0x0000000708a00000| Untracked 
|  41|0x0000000708c00000, 0x0000000708c00000, 0x0000000708e00000|  0%| F|  |TAMS 0x0000000708c00000, 0x0000000708c00000| Untracked 
|  42|0x0000000708e00000, 0x0000000708e00000, 0x0000000709000000|  0%| F|  |TAMS 0x0000000708e00000, 0x0000000708e00000| Untracked 
|  43|0x0000000709000000, 0x0000000709000000, 0x0000000709200000|  0%| F|  |TAMS 0x0000000709000000, 0x0000000709000000| Untracked 
|  44|0x0000000709200000, 0x0000000709200000, 0x0000000709400000|  0%| F|  |TAMS 0x0000000709200000, 0x0000000709200000| Untracked 
|  45|0x0000000709400000, 0x0000000709400000, 0x0000000709600000|  0%| F|  |TAMS 0x0000000709400000, 0x0000000709400000| Untracked 
|  46|0x0000000709600000, 0x0000000709600000, 0x0000000709800000|  0%| F|  |TAMS 0x0000000709600000, 0x0000000709600000| Untracked 
|  47|0x0000000709800000, 0x0000000709800000, 0x0000000709a00000|  0%| F|  |TAMS 0x0000000709800000, 0x0000000709800000| Untracked 
|  48|0x0000000709a00000, 0x0000000709a00000, 0x0000000709c00000|  0%| F|  |TAMS 0x0000000709a00000, 0x0000000709a00000| Untracked 
|  49|0x0000000709c00000, 0x0000000709c00000, 0x0000000709e00000|  0%| F|  |TAMS 0x0000000709c00000, 0x0000000709c00000| Untracked 
|  50|0x0000000709e00000, 0x0000000709e00000, 0x000000070a000000|  0%| F|  |TAMS 0x0000000709e00000, 0x0000000709e00000| Untracked 
|  51|0x000000070a000000, 0x000000070a000000, 0x000000070a200000|  0%| F|  |TAMS 0x000000070a000000, 0x000000070a000000| Untracked 
|  52|0x000000070a200000, 0x000000070a200000, 0x000000070a400000|  0%| F|  |TAMS 0x000000070a200000, 0x000000070a200000| Untracked 
|  53|0x000000070a400000, 0x000000070a600000, 0x000000070a600000|100%| S|CS|TAMS 0x000000070a400000, 0x000000070a400000| Complete 
|  54|0x000000070a600000, 0x000000070a800000, 0x000000070a800000|100%| S|CS|TAMS 0x000000070a600000, 0x000000070a600000| Complete 
|  55|0x000000070a800000, 0x000000070aa00000, 0x000000070aa00000|100%| S|CS|TAMS 0x000000070a800000, 0x000000070a800000| Complete 
|  56|0x000000070aa00000, 0x000000070ac00000, 0x000000070ac00000|100%| S|CS|TAMS 0x000000070aa00000, 0x000000070aa00000| Complete 
|  57|0x000000070ac00000, 0x000000070ac00000, 0x000000070ae00000|  0%| F|  |TAMS 0x000000070ac00000, 0x000000070ac00000| Untracked 
|  58|0x000000070ae00000, 0x000000070ae00000, 0x000000070b000000|  0%| F|  |TAMS 0x000000070ae00000, 0x000000070ae00000| Untracked 
|  59|0x000000070b000000, 0x000000070b000000, 0x000000070b200000|  0%| F|  |TAMS 0x000000070b000000, 0x000000070b000000| Untracked 
|  60|0x000000070b200000, 0x000000070b200000, 0x000000070b400000|  0%| F|  |TAMS 0x000000070b200000, 0x000000070b200000| Untracked 
|  61|0x000000070b400000, 0x000000070b400000, 0x000000070b600000|  0%| F|  |TAMS 0x000000070b400000, 0x000000070b400000| Untracked 
|  62|0x000000070b600000, 0x000000070b600000, 0x000000070b800000|  0%| F|  |TAMS 0x000000070b600000, 0x000000070b600000| Untracked 
|  63|0x000000070b800000, 0x000000070b800000, 0x000000070ba00000|  0%| F|  |TAMS 0x000000070b800000, 0x000000070b800000| Untracked 
|  64|0x000000070ba00000, 0x000000070ba00000, 0x000000070bc00000|  0%| F|  |TAMS 0x000000070ba00000, 0x000000070ba00000| Untracked 
|  65|0x000000070bc00000, 0x000000070bc00000, 0x000000070be00000|  0%| F|  |TAMS 0x000000070bc00000, 0x000000070bc00000| Untracked 
|  66|0x000000070be00000, 0x000000070be00000, 0x000000070c000000|  0%| F|  |TAMS 0x000000070be00000, 0x000000070be00000| Untracked 
|  67|0x000000070c000000, 0x000000070c000000, 0x000000070c200000|  0%| F|  |TAMS 0x000000070c000000, 0x000000070c000000| Untracked 
|  68|0x000000070c200000, 0x000000070c200000, 0x000000070c400000|  0%| F|  |TAMS 0x000000070c200000, 0x000000070c200000| Untracked 
|  69|0x000000070c400000, 0x000000070c400000, 0x000000070c600000|  0%| F|  |TAMS 0x000000070c400000, 0x000000070c400000| Untracked 
|  70|0x000000070c600000, 0x000000070c600000, 0x000000070c800000|  0%| F|  |TAMS 0x000000070c600000, 0x000000070c600000| Untracked 
|  71|0x000000070c800000, 0x000000070c800000, 0x000000070ca00000|  0%| F|  |TAMS 0x000000070c800000, 0x000000070c800000| Untracked 
|  72|0x000000070ca00000, 0x000000070ca00000, 0x000000070cc00000|  0%| F|  |TAMS 0x000000070ca00000, 0x000000070ca00000| Untracked 
|  73|0x000000070cc00000, 0x000000070cc00000, 0x000000070ce00000|  0%| F|  |TAMS 0x000000070cc00000, 0x000000070cc00000| Untracked 
|  74|0x000000070ce00000, 0x000000070ce00000, 0x000000070d000000|  0%| F|  |TAMS 0x000000070ce00000, 0x000000070ce00000| Untracked 
|  75|0x000000070d000000, 0x000000070d000000, 0x000000070d200000|  0%| F|  |TAMS 0x000000070d000000, 0x000000070d000000| Untracked 
|  76|0x000000070d200000, 0x000000070d200000, 0x000000070d400000|  0%| F|  |TAMS 0x000000070d200000, 0x000000070d200000| Untracked 
|  77|0x000000070d400000, 0x000000070d400000, 0x000000070d600000|  0%| F|  |TAMS 0x000000070d400000, 0x000000070d400000| Untracked 
|  78|0x000000070d600000, 0x000000070d600000, 0x000000070d800000|  0%| F|  |TAMS 0x000000070d600000, 0x000000070d600000| Untracked 
|  79|0x000000070d800000, 0x000000070d800000, 0x000000070da00000|  0%| F|  |TAMS 0x000000070d800000, 0x000000070d800000| Untracked 
|  80|0x000000070da00000, 0x000000070da00000, 0x000000070dc00000|  0%| F|  |TAMS 0x000000070da00000, 0x000000070da00000| Untracked 
|  81|0x000000070dc00000, 0x000000070dc00000, 0x000000070de00000|  0%| F|  |TAMS 0x000000070dc00000, 0x000000070dc00000| Untracked 
|  82|0x000000070de00000, 0x000000070de00000, 0x000000070e000000|  0%| F|  |TAMS 0x000000070de00000, 0x000000070de00000| Untracked 
|  83|0x000000070e000000, 0x000000070e000000, 0x000000070e200000|  0%| F|  |TAMS 0x000000070e000000, 0x000000070e000000| Untracked 
|  84|0x000000070e200000, 0x000000070e200000, 0x000000070e400000|  0%| F|  |TAMS 0x000000070e200000, 0x000000070e200000| Untracked 
|  85|0x000000070e400000, 0x000000070e400000, 0x000000070e600000|  0%| F|  |TAMS 0x000000070e400000, 0x000000070e400000| Untracked 
|  86|0x000000070e600000, 0x000000070e600000, 0x000000070e800000|  0%| F|  |TAMS 0x000000070e600000, 0x000000070e600000| Untracked 
|  87|0x000000070e800000, 0x000000070e800000, 0x000000070ea00000|  0%| F|  |TAMS 0x000000070e800000, 0x000000070e800000| Untracked 
|  88|0x000000070ea00000, 0x000000070ea00000, 0x000000070ec00000|  0%| F|  |TAMS 0x000000070ea00000, 0x000000070ea00000| Untracked 
|  89|0x000000070ec00000, 0x000000070ec00000, 0x000000070ee00000|  0%| F|  |TAMS 0x000000070ec00000, 0x000000070ec00000| Untracked 
|  90|0x000000070ee00000, 0x000000070ee00000, 0x000000070f000000|  0%| F|  |TAMS 0x000000070ee00000, 0x000000070ee00000| Untracked 
|  91|0x000000070f000000, 0x000000070f000000, 0x000000070f200000|  0%| F|  |TAMS 0x000000070f000000, 0x000000070f000000| Untracked 
|  92|0x000000070f200000, 0x000000070f200000, 0x000000070f400000|  0%| F|  |TAMS 0x000000070f200000, 0x000000070f200000| Untracked 
|  93|0x000000070f400000, 0x000000070f400000, 0x000000070f600000|  0%| F|  |TAMS 0x000000070f400000, 0x000000070f400000| Untracked 
|  94|0x000000070f600000, 0x000000070f600000, 0x000000070f800000|  0%| F|  |TAMS 0x000000070f600000, 0x000000070f600000| Untracked 
|  95|0x000000070f800000, 0x000000070f800000, 0x000000070fa00000|  0%| F|  |TAMS 0x000000070f800000, 0x000000070f800000| Untracked 
|  96|0x000000070fa00000, 0x000000070fa00000, 0x000000070fc00000|  0%| F|  |TAMS 0x000000070fa00000, 0x000000070fa00000| Untracked 
|  97|0x000000070fc00000, 0x000000070fc00000, 0x000000070fe00000|  0%| F|  |TAMS 0x000000070fc00000, 0x000000070fc00000| Untracked 
|  98|0x000000070fe00000, 0x000000070fe00000, 0x0000000710000000|  0%| F|  |TAMS 0x000000070fe00000, 0x000000070fe00000| Untracked 
|  99|0x0000000710000000, 0x0000000710000000, 0x0000000710200000|  0%| F|  |TAMS 0x0000000710000000, 0x0000000710000000| Untracked 
| 100|0x0000000710200000, 0x0000000710200000, 0x0000000710400000|  0%| F|  |TAMS 0x0000000710200000, 0x0000000710200000| Untracked 
| 101|0x0000000710400000, 0x0000000710400000, 0x0000000710600000|  0%| F|  |TAMS 0x0000000710400000, 0x0000000710400000| Untracked 
| 102|0x0000000710600000, 0x0000000710600000, 0x0000000710800000|  0%| F|  |TAMS 0x0000000710600000, 0x0000000710600000| Untracked 
| 103|0x0000000710800000, 0x0000000710800000, 0x0000000710a00000|  0%| F|  |TAMS 0x0000000710800000, 0x0000000710800000| Untracked 
| 104|0x0000000710a00000, 0x0000000710a00000, 0x0000000710c00000|  0%| F|  |TAMS 0x0000000710a00000, 0x0000000710a00000| Untracked 
| 105|0x0000000710c00000, 0x0000000710c00000, 0x0000000710e00000|  0%| F|  |TAMS 0x0000000710c00000, 0x0000000710c00000| Untracked 
| 106|0x0000000710e00000, 0x0000000710e00000, 0x0000000711000000|  0%| F|  |TAMS 0x0000000710e00000, 0x0000000710e00000| Untracked 
| 107|0x0000000711000000, 0x0000000711000000, 0x0000000711200000|  0%| F|  |TAMS 0x0000000711000000, 0x0000000711000000| Untracked 
| 108|0x0000000711200000, 0x0000000711200000, 0x0000000711400000|  0%| F|  |TAMS 0x0000000711200000, 0x0000000711200000| Untracked 
| 109|0x0000000711400000, 0x0000000711400000, 0x0000000711600000|  0%| F|  |TAMS 0x0000000711400000, 0x0000000711400000| Untracked 
| 110|0x0000000711600000, 0x0000000711600000, 0x0000000711800000|  0%| F|  |TAMS 0x0000000711600000, 0x0000000711600000| Untracked 
| 111|0x0000000711800000, 0x0000000711800000, 0x0000000711a00000|  0%| F|  |TAMS 0x0000000711800000, 0x0000000711800000| Untracked 
| 112|0x0000000711a00000, 0x0000000711a00000, 0x0000000711c00000|  0%| F|  |TAMS 0x0000000711a00000, 0x0000000711a00000| Untracked 
| 113|0x0000000711c00000, 0x0000000711c00000, 0x0000000711e00000|  0%| F|  |TAMS 0x0000000711c00000, 0x0000000711c00000| Untracked 
| 114|0x0000000711e00000, 0x0000000711e00000, 0x0000000712000000|  0%| F|  |TAMS 0x0000000711e00000, 0x0000000711e00000| Untracked 
| 115|0x0000000712000000, 0x0000000712000000, 0x0000000712200000|  0%| F|  |TAMS 0x0000000712000000, 0x0000000712000000| Untracked 
| 116|0x0000000712200000, 0x0000000712200000, 0x0000000712400000|  0%| F|  |TAMS 0x0000000712200000, 0x0000000712200000| Untracked 
| 117|0x0000000712400000, 0x0000000712400000, 0x0000000712600000|  0%| F|  |TAMS 0x0000000712400000, 0x0000000712400000| Untracked 
| 118|0x0000000712600000, 0x0000000712600000, 0x0000000712800000|  0%| F|  |TAMS 0x0000000712600000, 0x0000000712600000| Untracked 
| 119|0x0000000712800000, 0x0000000712800000, 0x0000000712a00000|  0%| F|  |TAMS 0x0000000712800000, 0x0000000712800000| Untracked 
| 120|0x0000000712a00000, 0x0000000712a00000, 0x0000000712c00000|  0%| F|  |TAMS 0x0000000712a00000, 0x0000000712a00000| Untracked 
| 121|0x0000000712c00000, 0x0000000712c00000, 0x0000000712e00000|  0%| F|  |TAMS 0x0000000712c00000, 0x0000000712c00000| Untracked 
| 122|0x0000000712e00000, 0x0000000712e00000, 0x0000000713000000|  0%| F|  |TAMS 0x0000000712e00000, 0x0000000712e00000| Untracked 
| 123|0x0000000713000000, 0x0000000713000000, 0x0000000713200000|  0%| F|  |TAMS 0x0000000713000000, 0x0000000713000000| Untracked 
| 124|0x0000000713200000, 0x0000000713200000, 0x0000000713400000|  0%| F|  |TAMS 0x0000000713200000, 0x0000000713200000| Untracked 
| 125|0x0000000713400000, 0x0000000713400000, 0x0000000713600000|  0%| F|  |TAMS 0x0000000713400000, 0x0000000713400000| Untracked 
| 126|0x0000000713600000, 0x0000000713600000, 0x0000000713800000|  0%| F|  |TAMS 0x0000000713600000, 0x0000000713600000| Untracked 
| 127|0x0000000713800000, 0x0000000713800000, 0x0000000713a00000|  0%| F|  |TAMS 0x0000000713800000, 0x0000000713800000| Untracked 
| 128|0x0000000713a00000, 0x0000000713a00000, 0x0000000713c00000|  0%| F|  |TAMS 0x0000000713a00000, 0x0000000713a00000| Untracked 
| 129|0x0000000713c00000, 0x0000000713c00000, 0x0000000713e00000|  0%| F|  |TAMS 0x0000000713c00000, 0x0000000713c00000| Untracked 
| 130|0x0000000713e00000, 0x0000000713e00000, 0x0000000714000000|  0%| F|  |TAMS 0x0000000713e00000, 0x0000000713e00000| Untracked 
| 131|0x0000000714000000, 0x0000000714000000, 0x0000000714200000|  0%| F|  |TAMS 0x0000000714000000, 0x0000000714000000| Untracked 
| 132|0x0000000714200000, 0x0000000714200000, 0x0000000714400000|  0%| F|  |TAMS 0x0000000714200000, 0x0000000714200000| Untracked 
| 133|0x0000000714400000, 0x0000000714400000, 0x0000000714600000|  0%| F|  |TAMS 0x0000000714400000, 0x0000000714400000| Untracked 
| 134|0x0000000714600000, 0x0000000714600000, 0x0000000714800000|  0%| F|  |TAMS 0x0000000714600000, 0x0000000714600000| Untracked 
| 135|0x0000000714800000, 0x0000000714800000, 0x0000000714a00000|  0%| F|  |TAMS 0x0000000714800000, 0x0000000714800000| Untracked 
| 136|0x0000000714a00000, 0x0000000714a00000, 0x0000000714c00000|  0%| F|  |TAMS 0x0000000714a00000, 0x0000000714a00000| Untracked 
| 137|0x0000000714c00000, 0x0000000714c00000, 0x0000000714e00000|  0%| F|  |TAMS 0x0000000714c00000, 0x0000000714c00000| Untracked 
| 138|0x0000000714e00000, 0x0000000714e00000, 0x0000000715000000|  0%| F|  |TAMS 0x0000000714e00000, 0x0000000714e00000| Untracked 
| 139|0x0000000715000000, 0x0000000715000000, 0x0000000715200000|  0%| F|  |TAMS 0x0000000715000000, 0x0000000715000000| Untracked 
| 140|0x0000000715200000, 0x0000000715200000, 0x0000000715400000|  0%| F|  |TAMS 0x0000000715200000, 0x0000000715200000| Untracked 
| 141|0x0000000715400000, 0x0000000715400000, 0x0000000715600000|  0%| F|  |TAMS 0x0000000715400000, 0x0000000715400000| Untracked 
| 142|0x0000000715600000, 0x0000000715600000, 0x0000000715800000|  0%| F|  |TAMS 0x0000000715600000, 0x0000000715600000| Untracked 
| 143|0x0000000715800000, 0x0000000715800000, 0x0000000715a00000|  0%| F|  |TAMS 0x0000000715800000, 0x0000000715800000| Untracked 
| 144|0x0000000715a00000, 0x0000000715a00000, 0x0000000715c00000|  0%| F|  |TAMS 0x0000000715a00000, 0x0000000715a00000| Untracked 
| 145|0x0000000715c00000, 0x0000000715c00000, 0x0000000715e00000|  0%| F|  |TAMS 0x0000000715c00000, 0x0000000715c00000| Untracked 
| 146|0x0000000715e00000, 0x0000000715e00000, 0x0000000716000000|  0%| F|  |TAMS 0x0000000715e00000, 0x0000000715e00000| Untracked 
| 147|0x0000000716000000, 0x0000000716000000, 0x0000000716200000|  0%| F|  |TAMS 0x0000000716000000, 0x0000000716000000| Untracked 
| 148|0x0000000716200000, 0x0000000716200000, 0x0000000716400000|  0%| F|  |TAMS 0x0000000716200000, 0x0000000716200000| Untracked 
| 149|0x0000000716400000, 0x0000000716400000, 0x0000000716600000|  0%| F|  |TAMS 0x0000000716400000, 0x0000000716400000| Untracked 
| 150|0x0000000716600000, 0x0000000716600000, 0x0000000716800000|  0%| F|  |TAMS 0x0000000716600000, 0x0000000716600000| Untracked 
| 151|0x0000000716800000, 0x0000000716800000, 0x0000000716a00000|  0%| F|  |TAMS 0x0000000716800000, 0x0000000716800000| Untracked 
| 152|0x0000000716a00000, 0x0000000716a00000, 0x0000000716c00000|  0%| F|  |TAMS 0x0000000716a00000, 0x0000000716a00000| Untracked 
| 153|0x0000000716c00000, 0x0000000716c00000, 0x0000000716e00000|  0%| F|  |TAMS 0x0000000716c00000, 0x0000000716c00000| Untracked 
| 154|0x0000000716e00000, 0x0000000716e00000, 0x0000000717000000|  0%| F|  |TAMS 0x0000000716e00000, 0x0000000716e00000| Untracked 
| 155|0x0000000717000000, 0x0000000717000000, 0x0000000717200000|  0%| F|  |TAMS 0x0000000717000000, 0x0000000717000000| Untracked 
| 156|0x0000000717200000, 0x0000000717200000, 0x0000000717400000|  0%| F|  |TAMS 0x0000000717200000, 0x0000000717200000| Untracked 
| 157|0x0000000717400000, 0x0000000717400000, 0x0000000717600000|  0%| F|  |TAMS 0x0000000717400000, 0x0000000717400000| Untracked 
| 158|0x0000000717600000, 0x0000000717600000, 0x0000000717800000|  0%| F|  |TAMS 0x0000000717600000, 0x0000000717600000| Untracked 
| 159|0x0000000717800000, 0x0000000717800000, 0x0000000717a00000|  0%| F|  |TAMS 0x0000000717800000, 0x0000000717800000| Untracked 
| 160|0x0000000717a00000, 0x0000000717a00000, 0x0000000717c00000|  0%| F|  |TAMS 0x0000000717a00000, 0x0000000717a00000| Untracked 
| 161|0x0000000717c00000, 0x0000000717c00000, 0x0000000717e00000|  0%| F|  |TAMS 0x0000000717c00000, 0x0000000717c00000| Untracked 
| 162|0x0000000717e00000, 0x0000000717e00000, 0x0000000718000000|  0%| F|  |TAMS 0x0000000717e00000, 0x0000000717e00000| Untracked 
| 163|0x0000000718000000, 0x0000000718000000, 0x0000000718200000|  0%| F|  |TAMS 0x0000000718000000, 0x0000000718000000| Untracked 
| 164|0x0000000718200000, 0x0000000718200000, 0x0000000718400000|  0%| F|  |TAMS 0x0000000718200000, 0x0000000718200000| Untracked 
| 165|0x0000000718400000, 0x0000000718400000, 0x0000000718600000|  0%| F|  |TAMS 0x0000000718400000, 0x0000000718400000| Untracked 
| 166|0x0000000718600000, 0x0000000718600000, 0x0000000718800000|  0%| F|  |TAMS 0x0000000718600000, 0x0000000718600000| Untracked 
| 167|0x0000000718800000, 0x0000000718800000, 0x0000000718a00000|  0%| F|  |TAMS 0x0000000718800000, 0x0000000718800000| Untracked 
| 168|0x0000000718a00000, 0x0000000718a00000, 0x0000000718c00000|  0%| F|  |TAMS 0x0000000718a00000, 0x0000000718a00000| Untracked 
| 169|0x0000000718c00000, 0x0000000718c00000, 0x0000000718e00000|  0%| F|  |TAMS 0x0000000718c00000, 0x0000000718c00000| Untracked 
| 170|0x0000000718e00000, 0x0000000718e00000, 0x0000000719000000|  0%| F|  |TAMS 0x0000000718e00000, 0x0000000718e00000| Untracked 
| 171|0x0000000719000000, 0x0000000719000000, 0x0000000719200000|  0%| F|  |TAMS 0x0000000719000000, 0x0000000719000000| Untracked 
| 172|0x0000000719200000, 0x0000000719200000, 0x0000000719400000|  0%| F|  |TAMS 0x0000000719200000, 0x0000000719200000| Untracked 
| 173|0x0000000719400000, 0x0000000719500800, 0x0000000719600000| 50%| E|  |TAMS 0x0000000719400000, 0x0000000719400000| Complete 
| 174|0x0000000719600000, 0x0000000719800000, 0x0000000719800000|100%| E|CS|TAMS 0x0000000719600000, 0x0000000719600000| Complete 
| 175|0x0000000719800000, 0x0000000719a00000, 0x0000000719a00000|100%| E|CS|TAMS 0x0000000719800000, 0x0000000719800000| Complete 
| 176|0x0000000719a00000, 0x0000000719c00000, 0x0000000719c00000|100%| E|CS|TAMS 0x0000000719a00000, 0x0000000719a00000| Complete 
| 177|0x0000000719c00000, 0x0000000719e00000, 0x0000000719e00000|100%| E|CS|TAMS 0x0000000719c00000, 0x0000000719c00000| Complete 
| 178|0x0000000719e00000, 0x000000071a000000, 0x000000071a000000|100%| E|CS|TAMS 0x0000000719e00000, 0x0000000719e00000| Complete 
| 179|0x000000071a000000, 0x000000071a200000, 0x000000071a200000|100%| E|CS|TAMS 0x000000071a000000, 0x000000071a000000| Complete 
| 180|0x000000071a200000, 0x000000071a400000, 0x000000071a400000|100%| E|CS|TAMS 0x000000071a200000, 0x000000071a200000| Complete 

Card table byte_map: [0x0000023a171e0000,0x0000023a179d0000] _byte_map_base: 0x0000023a139c3000

Marking Bits (Prev, Next): (CMBitMap*) 0x0000023a0403ace0, (CMBitMap*) 0x0000023a0403ad20
 Prev Bits: [0x0000023a181c0000, 0x0000023a1c0d8000)
 Next Bits: [0x0000023a1c0e0000, 0x0000023a1fff8000)

Polling page: 0x0000023a03790000

Metaspace:

Usage:
  Non-class:     57.37 MB used.
      Class:      7.29 MB used.
       Both:     64.66 MB used.

Virtual space:
  Non-class space:       64.00 MB reserved,      57.50 MB ( 90%) committed,  1 nodes.
      Class space:        1.00 GB reserved,       7.44 MB ( <1%) committed,  1 nodes.
             Both:        1.06 GB reserved,      64.94 MB (  6%) committed. 

Chunk freelists:
   Non-Class:  6.19 MB
       Class:  8.53 MB
        Both:  14.72 MB

MaxMetaspaceSize: unlimited
CompressedClassSpaceSize: 1.00 GB
Initial GC threshold: 21.00 MB
Current GC threshold: 106.19 MB
CDS: off
MetaspaceReclaimPolicy: balanced
 - commit_granule_bytes: 65536.
 - commit_granule_words: 8192.
 - virtual_space_node_default_size: 8388608.
 - enlarge_chunks_in_place: 1.
 - new_chunks_are_fully_committed: 0.
 - uncommit_free_chunks: 1.
 - use_allocation_guard: 0.
 - handle_deallocations: 1.


Internal statistics:

num_allocs_failed_limit: 12.
num_arena_births: 332.
num_arena_deaths: 0.
num_vsnodes_births: 2.
num_vsnodes_deaths: 0.
num_space_committed: 1037.
num_space_uncommitted: 0.
num_chunks_returned_to_freelist: 12.
num_chunks_taken_from_freelist: 2437.
num_chunk_merges: 12.
num_chunk_splits: 1898.
num_chunks_enlarged: 1625.
num_inconsistent_stats: 0.

CodeHeap 'non-profiled nmethods': size=120000Kb used=5485Kb max_used=5485Kb free=114514Kb
 bounds [0x0000023a0ef70000, 0x0000023a0f4d0000, 0x0000023a164a0000]
CodeHeap 'profiled nmethods': size=120000Kb used=28186Kb max_used=28186Kb free=91813Kb
 bounds [0x0000023a074a0000, 0x0000023a09030000, 0x0000023a0e9d0000]
CodeHeap 'non-nmethods': size=5760Kb used=1328Kb max_used=1427Kb free=4431Kb
 bounds [0x0000023a0e9d0000, 0x0000023a0ec40000, 0x0000023a0ef70000]
 total_blobs=9930 nmethods=9299 adapters=540
 compilation: enabled
              stopped_count=0, restarted_count=0
 full_count=0

Compilation events (20 events):
Event: 9.346 Thread 0x0000023a270a4090 10858       3       org.jetbrains.kotlin.resolve.scopes.LexicalWritableScope$Snapshot::getContributedClassifier (41 bytes)
Event: 9.347 Thread 0x0000023a270a4090 nmethod 10858 0x0000023a09019910 code [0x0000023a09019bc0, 0x0000023a0901a928]
Event: 9.350 Thread 0x0000023a270a4090 10859       3       org.jetbrains.kotlin.psi.KtImportDirective::getImportedFqName (53 bytes)
Event: 9.351 Thread 0x0000023a270a4090 nmethod 10859 0x0000023a0901ad10 code [0x0000023a0901af20, 0x0000023a0901b788]
Event: 9.351 Thread 0x0000023a270a4090 10860       3       org.jetbrains.kotlin.resolve.calls.model.ReceiverExpressionKotlinCallArgument$Companion::invoke (21 bytes)
Event: 9.352 Thread 0x0000023a270a4090 nmethod 10860 0x0000023a0901ba10 code [0x0000023a0901bc40, 0x0000023a0901c468]
Event: 9.357 Thread 0x0000023a270a4090 10861   !   3       jdk.internal.reflect.GeneratedConstructorAccessor25::newInstance (53 bytes)
Event: 9.358 Thread 0x0000023a270a4090 nmethod 10861 0x0000023a0901c790 code [0x0000023a0901ca80, 0x0000023a0901daa8]
Event: 9.371 Thread 0x0000023a2759d1b0 nmethod 10761 0x0000023a0f4c2010 code [0x0000023a0f4c2440, 0x0000023a0f4c7878]
Event: 9.373 Thread 0x0000023a2759d1b0 10850       4       org.jetbrains.kotlin.descriptors.impl.ValueParameterDescriptorImpl::declaresDefaultValue (37 bytes)
Event: 9.374 Thread 0x0000023a270a4090 10862       3       org.jetbrains.kotlin.metadata.deserialization.VersionRequirement$Companion::create (219 bytes)
Event: 9.376 Thread 0x0000023a2759d1b0 nmethod 10850 0x0000023a0f4ca910 code [0x0000023a0f4caaa0, 0x0000023a0f4cac38]
Event: 9.376 Thread 0x0000023a2759d1b0 10847       4       org.jetbrains.kotlin.com.intellij.util.keyFMap.ArrayBackedFMap::plus (155 bytes)
Event: 9.378 Thread 0x0000023a270a4090 nmethod 10862 0x0000023a0901e210 code [0x0000023a0901e780, 0x0000023a09021458]
Event: 9.378 Thread 0x0000023a270a4090 10863   !   3       jdk.internal.reflect.GeneratedConstructorAccessor21::newInstance (53 bytes)
Event: 9.378 Thread 0x0000023a270a4090 nmethod 10863 0x0000023a09022310 code [0x0000023a09022540, 0x0000023a09022ce8]
Event: 9.380 Thread 0x0000023a270a4090 10866       3       org.jetbrains.kotlin.load.kotlin.header.ReadKotlinClassHeaderAnnotationVisitor$KotlinMetadataArgumentVisitor::<init> (6 bytes)
Event: 9.380 Thread 0x0000023a270a4090 nmethod 10866 0x0000023a09023090 code [0x0000023a09023240, 0x0000023a09023478]
Event: 9.380 Thread 0x0000023a270a4090 10867       3       org.jetbrains.kotlin.load.kotlin.header.ReadKotlinClassHeaderAnnotationVisitor$KotlinMetadataArgumentVisitor::<init> (10 bytes)
Event: 9.380 Thread 0x0000023a270a4090 nmethod 10867 0x0000023a09023590 code [0x0000023a09023720, 0x0000023a090238f8]

GC Heap History (20 events):
Event: 2.307 GC heap before
{Heap before GC invocations=8 (full 0):
 garbage-first heap   total 157696K, used 29055K [0x0000000703a00000, 0x0000000800000000)
  region size 2048K, 4 young (8192K), 2 survivors (4096K)
 Metaspace       used 35779K, committed 35968K, reserved 1114112K
  class space    used 4482K, committed 4544K, reserved 1048576K
}
Event: 2.312 GC heap after
{Heap after GC invocations=9 (full 0):
 garbage-first heap   total 157696K, used 27723K [0x0000000703a00000, 0x0000000800000000)
  region size 2048K, 3 young (6144K), 3 survivors (6144K)
 Metaspace       used 35779K, committed 35968K, reserved 1114112K
  class space    used 4482K, committed 4544K, reserved 1048576K
}
Event: 3.210 GC heap before
{Heap before GC invocations=10 (full 0):
 garbage-first heap   total 110592K, used 89163K [0x0000000703a00000, 0x0000000800000000)
  region size 2048K, 32 young (65536K), 3 survivors (6144K)
 Metaspace       used 46265K, committed 46592K, reserved 1114112K
  class space    used 5526K, committed 5696K, reserved 1048576K
}
Event: 3.225 GC heap after
{Heap after GC invocations=11 (full 0):
 garbage-first heap   total 110592K, used 32790K [0x0000000703a00000, 0x0000000800000000)
  region size 2048K, 4 young (8192K), 4 survivors (8192K)
 Metaspace       used 46265K, committed 46592K, reserved 1114112K
  class space    used 5526K, committed 5696K, reserved 1048576K
}
Event: 3.278 GC heap before
{Heap before GC invocations=11 (full 0):
 garbage-first heap   total 110592K, used 32790K [0x0000000703a00000, 0x0000000800000000)
  region size 2048K, 5 young (10240K), 4 survivors (8192K)
 Metaspace       used 46784K, committed 47104K, reserved 1114112K
  class space    used 5605K, committed 5760K, reserved 1048576K
}
Event: 3.287 GC heap after
{Heap after GC invocations=12 (full 0):
 garbage-first heap   total 110592K, used 34476K [0x0000000703a00000, 0x0000000800000000)
  region size 2048K, 1 young (2048K), 1 survivors (2048K)
 Metaspace       used 46784K, committed 47104K, reserved 1114112K
  class space    used 5605K, committed 5760K, reserved 1048576K
}
Event: 3.787 GC heap before
{Heap before GC invocations=12 (full 0):
 garbage-first heap   total 110592K, used 77484K [0x0000000703a00000, 0x0000000800000000)
  region size 2048K, 21 young (43008K), 1 survivors (2048K)
 Metaspace       used 50621K, committed 50944K, reserved 1114112K
  class space    used 6038K, committed 6208K, reserved 1048576K
}
Event: 3.795 GC heap after
{Heap after GC invocations=13 (full 0):
 garbage-first heap   total 180224K, used 38320K [0x0000000703a00000, 0x0000000800000000)
  region size 2048K, 2 young (4096K), 2 survivors (4096K)
 Metaspace       used 50621K, committed 50944K, reserved 1114112K
  class space    used 6038K, committed 6208K, reserved 1048576K
}
Event: 5.276 GC heap before
{Heap before GC invocations=13 (full 0):
 garbage-first heap   total 180224K, used 122288K [0x0000000703a00000, 0x0000000800000000)
  region size 2048K, 43 young (88064K), 2 survivors (4096K)
 Metaspace       used 56658K, committed 56896K, reserved 1114112K
  class space    used 6579K, committed 6720K, reserved 1048576K
}
Event: 5.291 GC heap after
{Heap after GC invocations=14 (full 0):
 garbage-first heap   total 180224K, used 51905K [0x0000000703a00000, 0x0000000800000000)
  region size 2048K, 6 young (12288K), 6 survivors (12288K)
 Metaspace       used 56658K, committed 56896K, reserved 1114112K
  class space    used 6579K, committed 6720K, reserved 1048576K
}
Event: 5.909 GC heap before
{Heap before GC invocations=14 (full 0):
 garbage-first heap   total 180224K, used 84673K [0x0000000703a00000, 0x0000000800000000)
  region size 2048K, 23 young (47104K), 6 survivors (12288K)
 Metaspace       used 59898K, committed 60160K, reserved 1114112K
  class space    used 6951K, committed 7104K, reserved 1048576K
}
Event: 5.924 GC heap after
{Heap after GC invocations=15 (full 0):
 garbage-first heap   total 180224K, used 57916K [0x0000000703a00000, 0x0000000800000000)
  region size 2048K, 3 young (6144K), 3 survivors (6144K)
 Metaspace       used 59898K, committed 60160K, reserved 1114112K
  class space    used 6951K, committed 7104K, reserved 1048576K
}
Event: 7.906 GC heap before
{Heap before GC invocations=16 (full 0):
 garbage-first heap   total 180224K, used 129596K [0x0000000703a00000, 0x0000000800000000)
  region size 2048K, 38 young (77824K), 3 survivors (6144K)
 Metaspace       used 64840K, committed 65152K, reserved 1114112K
  class space    used 7375K, committed 7552K, reserved 1048576K
}
Event: 7.918 GC heap after
{Heap after GC invocations=17 (full 0):
 garbage-first heap   total 180224K, used 65447K [0x0000000703a00000, 0x0000000800000000)
  region size 2048K, 5 young (10240K), 5 survivors (10240K)
 Metaspace       used 64840K, committed 65152K, reserved 1114112K
  class space    used 7375K, committed 7552K, reserved 1048576K
}
Event: 8.560 GC heap before
{Heap before GC invocations=18 (full 0):
 garbage-first heap   total 180224K, used 137127K [0x0000000703a00000, 0x0000000800000000)
  region size 2048K, 39 young (79872K), 5 survivors (10240K)
 Metaspace       used 65660K, committed 65984K, reserved 1114112K
  class space    used 7440K, committed 7616K, reserved 1048576K
}
Event: 8.575 GC heap after
{Heap after GC invocations=19 (full 0):
 garbage-first heap   total 180224K, used 75456K [0x0000000703a00000, 0x0000000800000000)
  region size 2048K, 4 young (8192K), 4 survivors (8192K)
 Metaspace       used 65660K, committed 65984K, reserved 1114112K
  class space    used 7440K, committed 7616K, reserved 1048576K
}
Event: 8.584 GC heap before
{Heap before GC invocations=19 (full 0):
 garbage-first heap   total 180224K, used 77504K [0x0000000703a00000, 0x0000000800000000)
  region size 2048K, 5 young (10240K), 4 survivors (8192K)
 Metaspace       used 65660K, committed 65984K, reserved 1114112K
  class space    used 7440K, committed 7616K, reserved 1048576K
}
Event: 8.593 GC heap after
{Heap after GC invocations=20 (full 0):
 garbage-first heap   total 180224K, used 76451K [0x0000000703a00000, 0x0000000800000000)
  region size 2048K, 1 young (2048K), 1 survivors (2048K)
 Metaspace       used 65660K, committed 65984K, reserved 1114112K
  class space    used 7440K, committed 7616K, reserved 1048576K
}
Event: 8.904 GC heap before
{Heap before GC invocations=20 (full 0):
 garbage-first heap   total 180224K, used 137891K [0x0000000703a00000, 0x0000000800000000)
  region size 2048K, 31 young (63488K), 1 survivors (2048K)
 Metaspace       used 66008K, committed 66304K, reserved 1114112K
  class space    used 7465K, committed 7616K, reserved 1048576K
}
Event: 8.913 GC heap after
{Heap after GC invocations=21 (full 0):
 garbage-first heap   total 370688K, used 83968K [0x0000000703a00000, 0x0000000800000000)
  region size 2048K, 4 young (8192K), 4 survivors (8192K)
 Metaspace       used 66008K, committed 66304K, reserved 1114112K
  class space    used 7465K, committed 7616K, reserved 1048576K
}

Dll operation events (2 events):
Event: 0.007 Loaded shared library C:\Users\jabarfalih\AppData\Local\Programs\Android Studio\jbr\bin\java.dll
Event: 1.018 Loaded shared library C:\Users\jabarfalih\AppData\Local\Programs\Android Studio\jbr\bin\verify.dll

Deoptimization events (20 events):
Event: 8.951 Thread 0x0000023a03fce920 Uncommon trap: trap_request=0xffffffde fr.pc=0x0000023a0f39134c relative=0x000000000000012c
Event: 8.951 Thread 0x0000023a03fce920 Uncommon trap: reason=class_check action=maybe_recompile pc=0x0000023a0f39134c method=org.jetbrains.kotlin.resolve.lazy.descriptors.LazyClassMemberScope.recordLookup(Lorg/jetbrains/kotlin/name/Name;Lorg/jetbrains/kotlin/incremental/components/LookupLocati
Event: 8.952 Thread 0x0000023a03fce920 DEOPT PACKING pc=0x0000023a0f39134c sp=0x0000005d962f7620
Event: 8.952 Thread 0x0000023a03fce920 DEOPT UNPACKING pc=0x0000023a0ea2a1a3 sp=0x0000005d962f75a8 mode 2
Event: 8.956 Thread 0x0000023a03fce920 Uncommon trap: trap_request=0xffffffde fr.pc=0x0000023a0f1a7168 relative=0x00000000000009c8
Event: 8.956 Thread 0x0000023a03fce920 Uncommon trap: reason=class_check action=maybe_recompile pc=0x0000023a0f1a7168 method=org.jetbrains.kotlin.com.intellij.psi.impl.source.CharTableImpl$StringHashToCharSequencesMap.getSubSequenceWithHashCode(ILjava/lang/CharSequence;II)Ljava/lang/CharSequen
Event: 8.956 Thread 0x0000023a03fce920 DEOPT PACKING pc=0x0000023a0f1a7168 sp=0x0000005d962fb790
Event: 8.956 Thread 0x0000023a03fce920 DEOPT UNPACKING pc=0x0000023a0ea2a1a3 sp=0x0000005d962fb6b0 mode 2
Event: 9.036 Thread 0x0000023a03fce920 DEOPT PACKING pc=0x0000023a084d65d0 sp=0x0000005d962f1c00
Event: 9.036 Thread 0x0000023a03fce920 DEOPT UNPACKING pc=0x0000023a0ea2ace3 sp=0x0000005d962f1108 mode 0
Event: 9.228 Thread 0x0000023a03fce920 Uncommon trap: trap_request=0xffffff76 fr.pc=0x0000023a0f4b9970 relative=0x0000000000000d50
Event: 9.228 Thread 0x0000023a03fce920 Uncommon trap: reason=predicate action=maybe_recompile pc=0x0000023a0f4b9970 method=org.jetbrains.kotlin.com.intellij.extapi.psi.StubBasedPsiElementBase.getStubOrPsiChildren(Lorg/jetbrains/kotlin/com/intellij/psi/stubs/IStubElementType;Lorg/jetbrains/kotl
Event: 9.228 Thread 0x0000023a03fce920 DEOPT PACKING pc=0x0000023a0f4b9970 sp=0x0000005d962f47e0
Event: 9.228 Thread 0x0000023a03fce920 DEOPT UNPACKING pc=0x0000023a0ea2a1a3 sp=0x0000005d962f47a0 mode 2
Event: 9.374 Thread 0x0000023a03fce920 Uncommon trap: trap_request=0xffffff45 fr.pc=0x0000023a0f3d4da4 relative=0x0000000000000564
Event: 9.374 Thread 0x0000023a03fce920 Uncommon trap: reason=unstable_if action=reinterpret pc=0x0000023a0f3d4da4 method=org.jetbrains.kotlin.name.Name.guessByFirstCharacter(Ljava/lang/String;)Lorg/jetbrains/kotlin/name/Name; @ 15 c2
Event: 9.374 Thread 0x0000023a03fce920 DEOPT PACKING pc=0x0000023a0f3d4da4 sp=0x0000005d962ec520
Event: 9.374 Thread 0x0000023a03fce920 DEOPT UNPACKING pc=0x0000023a0ea2a1a3 sp=0x0000005d962ec4b0 mode 2
Event: 9.378 Thread 0x0000023a03fce920 DEOPT PACKING pc=0x0000023a085a0440 sp=0x0000005d962ec860
Event: 9.378 Thread 0x0000023a03fce920 DEOPT UNPACKING pc=0x0000023a0ea2ace3 sp=0x0000005d962ebd80 mode 0

Classes unloaded (0 events):
No events

Classes redefined (0 events):
No events

Internal exceptions (20 events):
Event: 4.528 Thread 0x0000023a03fce920 Implicit null exception at 0x0000023a0f0a850b to 0x0000023a0f0a876c
Event: 4.535 Thread 0x0000023a03fce920 Implicit null exception at 0x0000023a0efcb28f to 0x0000023a0efcb508
Event: 4.818 Thread 0x0000023a03fce920 Exception <a 'java/lang/NoSuchMethodError'{0x000000070af295d8}: 'java.lang.Object java.lang.invoke.DirectMethodHandle$Holder.invokeStaticInit(java.lang.Object, java.lang.Object, java.lang.Object)'> (0x000000070af295d8) 
thrown [s\src\hotspot\share\interpreter\linkResolver.cpp, line 771]
Event: 5.341 Thread 0x0000023a03fce920 Exception <a 'java/lang/NoSuchMethodError'{0x0000000712f3fb08}: 'java.lang.Object java.lang.invoke.DirectMethodHandle$Holder.newInvokeSpecial(java.lang.Object, int, java.lang.Object)'> (0x0000000712f3fb08) 
thrown [s\src\hotspot\share\interpreter\linkResolver.cpp, line 771]
Event: 5.342 Thread 0x0000023a03fce920 Exception <a 'java/lang/NoSuchMethodError'{0x0000000712f45ed8}: 'int java.lang.invoke.DirectMethodHandle$Holder.invokeInterface(java.lang.Object, java.lang.Object)'> (0x0000000712f45ed8) 
thrown [s\src\hotspot\share\interpreter\linkResolver.cpp, line 771]
Event: 5.518 Thread 0x0000023a03fce920 Exception <a 'java/lang/NoSuchMethodError'{0x000000070dbad808}: 'java.lang.Object java.lang.invoke.DirectMethodHandle$Holder.invokeStatic(java.lang.Object, int, java.lang.Object)'> (0x000000070dbad808) 
thrown [s\src\hotspot\share\interpreter\linkResolver.cpp, line 771]
Event: 5.611 Thread 0x0000023a03fce920 Implicit null exception at 0x0000023a0f0b3320 to 0x0000023a0f0b349c
Event: 5.611 Thread 0x0000023a03fce920 Implicit null exception at 0x0000023a0efd7e58 to 0x0000023a0efd7eee
Event: 5.618 Thread 0x0000023a03fce920 Implicit null exception at 0x0000023a0efd6f0f to 0x0000023a0efd6f89
Event: 5.987 Thread 0x0000023a03fce920 Exception <a 'java/lang/NoSuchMethodError'{0x0000000712e25e30}: 'java.lang.Object java.lang.invoke.DirectMethodHandle$Holder.invokeStatic(java.lang.Object, java.lang.Object, java.lang.Object, java.lang.Object, int)'> (0x0000000712e25e30) 
thrown [s\src\hotspot\share\interpreter\linkResolver.cpp, line 771]
Event: 5.987 Thread 0x0000023a03fce920 Exception <a 'java/lang/NoSuchMethodError'{0x0000000712e2fb18}: 'java.lang.Object java.lang.invoke.DirectMethodHandle$Holder.newInvokeSpecial(java.lang.Object, java.lang.Object, java.lang.Object, java.lang.Object, int)'> (0x0000000712e2fb18) 
thrown [s\src\hotspot\share\interpreter\linkResolver.cpp, line 771]
Event: 5.988 Thread 0x0000023a03fce920 Exception <a 'java/lang/NoSuchMethodError'{0x0000000712e34648}: 'java.lang.Object java.lang.invoke.DirectMethodHandle$Holder.invokeSpecial(java.lang.Object, java.lang.Object, java.lang.Object, java.lang.Object, java.lang.Object, int)'> (0x0000000712e34648) 
thrown [s\src\hotspot\share\interpreter\linkResolver.cpp, line 771]
Event: 5.988 Thread 0x0000023a03fce920 Exception <a 'java/lang/NoSuchMethodError'{0x0000000712e38b28}: 'java.lang.Object java.lang.invoke.Invokers$Holder.linkToTargetMethod(java.lang.Object, java.lang.Object, java.lang.Object, int, java.lang.Object)'> (0x0000000712e38b28) 
thrown [s\src\hotspot\share\interpreter\linkResolver.cpp, line 771]
Event: 6.126 Thread 0x0000023a03fce920 Implicit null exception at 0x0000023a0f0f5d79 to 0x0000023a0f0f6105
Event: 6.193 Thread 0x0000023a03fce920 Exception <a 'java/lang/NoSuchMethodError'{0x000000070de25e70}: 'java.lang.Object java.lang.invoke.DirectMethodHandle$Holder.invokeInterface(java.lang.Object, java.lang.Object, java.lang.Object)'> (0x000000070de25e70) 
thrown [s\src\hotspot\share\interpreter\linkResolver.cpp, line 771]
Event: 6.193 Thread 0x0000023a03fce920 Exception <a 'java/lang/IncompatibleClassChangeError'{0x000000070de297e0}: Found class java.lang.Object, but interface was expected> (0x000000070de297e0) 
thrown [s\src\hotspot\share\interpreter\linkResolver.cpp, line 838]
Event: 6.449 Thread 0x0000023a03fce920 Exception <a 'java/lang/NoSuchMethodError'{0x000000070d61cc00}: 'java.lang.Object java.lang.invoke.DirectMethodHandle$Holder.newInvokeSpecial(java.lang.Object, java.lang.Object, java.lang.Object, java.lang.Object, java.lang.Object, java.lang.Object, java.lang.Object)'> (0x000000070d61cc00) 
thrown [s\src\hotspot\share\interpreter\linkResolver.cpp, line 771]
Event: 6.449 Thread 0x0000023a03fce920 Exception <a 'java/lang/NoSuchMethodError'{0x000000070d621a60}: 'java.lang.Object java.lang.invoke.Invokers$Holder.linkToTargetMethod(java.lang.Object, java.lang.Object, java.lang.Object, java.lang.Object, java.lang.Object, java.lang.Object, java.lang.Object)'> (0x000000070d621a60) 
thrown [s\src\hotspot\share\interpreter\linkResolver.cpp, line 771]
Event: 6.684 Thread 0x0000023a03fce920 Exception <a 'java/lang/NoSuchMethodError'{0x000000070ced0ee0}: 'int java.lang.invoke.DirectMethodHandle$Holder.invokeStaticInit(java.lang.Object, int)'> (0x000000070ced0ee0) 
thrown [s\src\hotspot\share\interpreter\linkResolver.cpp, line 771]
Event: 7.843 Thread 0x0000023a03fce920 Exception <a 'java/lang/NoSuchMethodError'{0x0000000709ec3b88}: 'void java.lang.invoke.DirectMethodHandle$Holder.invokeStatic(java.lang.Object, java.lang.Object, java.lang.Object)'> (0x0000000709ec3b88) 
thrown [s\src\hotspot\share\interpreter\linkResolver.cpp, line 771]

VM Operations (20 events):
Event: 8.193 Executing VM operation: HandshakeAllThreads
Event: 8.193 Executing VM operation: HandshakeAllThreads done
Event: 8.195 Executing VM operation: ICBufferFull
Event: 8.195 Executing VM operation: ICBufferFull done
Event: 8.218 Executing VM operation: HandshakeAllThreads
Event: 8.218 Executing VM operation: HandshakeAllThreads done
Event: 8.307 Executing VM operation: ICBufferFull
Event: 8.307 Executing VM operation: ICBufferFull done
Event: 8.431 Executing VM operation: HandshakeAllThreads
Event: 8.431 Executing VM operation: HandshakeAllThreads done
Event: 8.560 Executing VM operation: G1CollectForAllocation
Event: 8.575 Executing VM operation: G1CollectForAllocation done
Event: 8.584 Executing VM operation: G1CollectForAllocation
Event: 8.594 Executing VM operation: G1CollectForAllocation done
Event: 8.768 Executing VM operation: ICBufferFull
Event: 8.769 Executing VM operation: ICBufferFull done
Event: 8.904 Executing VM operation: G1CollectForAllocation
Event: 8.913 Executing VM operation: G1CollectForAllocation done
Event: 9.242 Executing VM operation: ICBufferFull
Event: 9.242 Executing VM operation: ICBufferFull done

Events (20 events):
Event: 7.740 loading class jdk/internal/math/FloatingDecimal$BinaryToASCIIConverter
Event: 7.740 loading class jdk/internal/math/FloatingDecimal$BinaryToASCIIConverter done
Event: 7.740 loading class jdk/internal/math/FloatingDecimal$ExceptionalBinaryToASCIIBuffer done
Event: 7.740 loading class jdk/internal/math/FloatingDecimal$BinaryToASCIIBuffer
Event: 7.740 loading class jdk/internal/math/FloatingDecimal$BinaryToASCIIBuffer done
Event: 7.740 loading class jdk/internal/math/FloatingDecimal$1
Event: 7.740 loading class jdk/internal/math/FloatingDecimal$1 done
Event: 7.740 loading class jdk/internal/math/FloatingDecimal$PreparedASCIIToBinaryBuffer
Event: 7.740 loading class jdk/internal/math/FloatingDecimal$ASCIIToBinaryConverter
Event: 7.740 loading class jdk/internal/math/FloatingDecimal$ASCIIToBinaryConverter done
Event: 7.740 loading class jdk/internal/math/FloatingDecimal$PreparedASCIIToBinaryBuffer done
Event: 7.740 loading class jdk/internal/math/FloatingDecimal$ASCIIToBinaryBuffer
Event: 7.740 loading class jdk/internal/math/FloatingDecimal$ASCIIToBinaryBuffer done
Event: 8.220 loading class java/util/Collections$CopiesList
Event: 8.220 loading class java/util/Collections$CopiesList done
Event: 8.437 Thread 0x0000023a270c1500 flushing nmethod 0x0000023a07b07f90
Event: 8.439 Thread 0x0000023a270c1500 flushing nmethod 0x0000023a07c30710
Event: 8.444 Thread 0x0000023a270c1500 flushing nmethod 0x0000023a082b1810
Event: 8.444 Thread 0x0000023a270c1500 flushing nmethod 0x0000023a08363a90
Event: 8.445 Thread 0x0000023a270c1500 flushing nmethod 0x0000023a0852af10


Dynamic libraries:
0x00007ff6a0230000 - 0x00007ff6a023a000 	C:\Users\jabarfalih\AppData\Local\Programs\Android Studio\jbr\bin\java.exe
0x00007ff8fce30000 - 0x00007ff8fd047000 	C:\WINDOWS\SYSTEM32\ntdll.dll
0x00007ff8fbcd0000 - 0x00007ff8fbd94000 	C:\WINDOWS\System32\KERNEL32.DLL
0x00007ff8fa3b0000 - 0x00007ff8fa756000 	C:\WINDOWS\System32\KERNELBASE.dll
0x00007ff8fa760000 - 0x00007ff8fa871000 	C:\WINDOWS\System32\ucrtbase.dll
0x00007ff8aaf90000 - 0x00007ff8aafa7000 	C:\Users\jabarfalih\AppData\Local\Programs\Android Studio\jbr\bin\jli.dll
0x00007ff8e5640000 - 0x00007ff8e565b000 	C:\Users\jabarfalih\AppData\Local\Programs\Android Studio\jbr\bin\VCRUNTIME140.dll
0x00007ff8fbda0000 - 0x00007ff8fbf4e000 	C:\WINDOWS\System32\USER32.dll
0x00007ff8fa1a0000 - 0x00007ff8fa1c6000 	C:\WINDOWS\System32\win32u.dll
0x00007ff8d9840000 - 0x00007ff8d9ad3000 	C:\WINDOWS\WinSxS\amd64_microsoft.windows.common-controls_6595b64144ccf1df_6.0.22621.2506_none_270c5ae97388e100\COMCTL32.dll
0x00007ff8fb810000 - 0x00007ff8fb839000 	C:\WINDOWS\System32\GDI32.dll
0x00007ff8fcd40000 - 0x00007ff8fcde7000 	C:\WINDOWS\System32\msvcrt.dll
0x00007ff8fa880000 - 0x00007ff8fa998000 	C:\WINDOWS\System32\gdi32full.dll
0x00007ff8fa9a0000 - 0x00007ff8faa3a000 	C:\WINDOWS\System32\msvcp_win.dll
0x00007ff8fb850000 - 0x00007ff8fb881000 	C:\WINDOWS\System32\IMM32.DLL
0x00007ff8f1df0000 - 0x00007ff8f1dfc000 	C:\Users\jabarfalih\AppData\Local\Programs\Android Studio\jbr\bin\vcruntime140_1.dll
0x00007ff8e4a80000 - 0x00007ff8e4b0d000 	C:\Users\jabarfalih\AppData\Local\Programs\Android Studio\jbr\bin\msvcp140.dll
0x00007ff8a9570000 - 0x00007ff8aa1f0000 	C:\Users\jabarfalih\AppData\Local\Programs\Android Studio\jbr\bin\server\jvm.dll
0x00007ff8fc800000 - 0x00007ff8fc8b1000 	C:\WINDOWS\System32\ADVAPI32.dll
0x00007ff8fbf50000 - 0x00007ff8fbff5000 	C:\WINDOWS\System32\sechost.dll
0x00007ff8fad20000 - 0x00007ff8fae37000 	C:\WINDOWS\System32\RPCRT4.dll
0x00007ff8f22b0000 - 0x00007ff8f22e4000 	C:\WINDOWS\SYSTEM32\WINMM.dll
0x00007ff8decb0000 - 0x00007ff8decb9000 	C:\WINDOWS\SYSTEM32\WSOCK32.dll
0x00007ff8f16f0000 - 0x00007ff8f16fa000 	C:\WINDOWS\SYSTEM32\VERSION.dll
0x00007ff8fb890000 - 0x00007ff8fb901000 	C:\WINDOWS\System32\WS2_32.dll
0x00007ff8f9260000 - 0x00007ff8f9278000 	C:\WINDOWS\SYSTEM32\kernel.appcore.dll
0x00007ff8f1e00000 - 0x00007ff8f1e0a000 	C:\Users\jabarfalih\AppData\Local\Programs\Android Studio\jbr\bin\jimage.dll
0x00007ff8f7a60000 - 0x00007ff8f7c93000 	C:\WINDOWS\SYSTEM32\DBGHELP.DLL
0x00007ff8fc220000 - 0x00007ff8fc5a9000 	C:\WINDOWS\System32\combase.dll
0x00007ff8fb6c0000 - 0x00007ff8fb797000 	C:\WINDOWS\System32\OLEAUT32.dll
0x00007ff8deed0000 - 0x00007ff8def02000 	C:\WINDOWS\SYSTEM32\dbgcore.DLL
0x00007ff8fab00000 - 0x00007ff8fab7a000 	C:\WINDOWS\System32\bcryptPrimitives.dll
0x00007ff8e4150000 - 0x00007ff8e4175000 	C:\Users\jabarfalih\AppData\Local\Programs\Android Studio\jbr\bin\java.dll
0x00007ff8e4130000 - 0x00007ff8e4148000 	C:\Users\jabarfalih\AppData\Local\Programs\Android Studio\jbr\bin\zip.dll
0x00007ff8fae60000 - 0x00007ff8fb6ba000 	C:\WINDOWS\System32\SHELL32.dll
0x00007ff8f8080000 - 0x00007ff8f8976000 	C:\WINDOWS\SYSTEM32\windows.storage.dll
0x00007ff8f7f40000 - 0x00007ff8f807e000 	C:\WINDOWS\SYSTEM32\wintypes.dll
0x00007ff8fac20000 - 0x00007ff8fad13000 	C:\WINDOWS\System32\SHCORE.dll
0x00007ff8fb910000 - 0x00007ff8fb96e000 	C:\WINDOWS\System32\shlwapi.dll
0x00007ff8fa0d0000 - 0x00007ff8fa0f6000 	C:\WINDOWS\SYSTEM32\profapi.dll
0x00007ff8e4110000 - 0x00007ff8e4129000 	C:\Users\jabarfalih\AppData\Local\Programs\Android Studio\jbr\bin\net.dll
0x00007ff8f3c40000 - 0x00007ff8f3d77000 	C:\WINDOWS\SYSTEM32\WINHTTP.dll
0x00007ff8f96e0000 - 0x00007ff8f9749000 	C:\WINDOWS\system32\mswsock.dll
0x00007ff8e40f0000 - 0x00007ff8e4106000 	C:\Users\jabarfalih\AppData\Local\Programs\Android Studio\jbr\bin\nio.dll
0x00007ff8e6310000 - 0x00007ff8e6320000 	C:\Users\jabarfalih\AppData\Local\Programs\Android Studio\jbr\bin\verify.dll

dbghelp: loaded successfully - version: 4.0.5 - missing functions: none
symbol engine: initialized successfully - sym options: 0x614 - pdb path: .;C:\Users\jabarfalih\AppData\Local\Programs\Android Studio\jbr\bin;C:\WINDOWS\SYSTEM32;C:\WINDOWS\WinSxS\amd64_microsoft.windows.common-controls_6595b64144ccf1df_6.0.22621.2506_none_270c5ae97388e100;C:\Users\jabarfalih\AppData\Local\Programs\Android Studio\jbr\bin\server

VM Arguments:
java_command: org.jetbrains.kotlin.cli.jvm.K2JVMCompiler @C:\Users\jabarfalih\AndroidStudioProjects\SIPSTIS\app\build\20231217_5271777387335368542.compiler.options
java_class_path (initial): C:\Users\jabarfalih\.gradle\caches\modules-2\files-2.1\org.jetbrains.kotlin\kotlin-compiler-embeddable\1.8.10\b0757fd774344d54ce93f5ad6c30ba1c1731c8ff\kotlin-compiler-embeddable-1.8.10.jar;C:\Users\jabarfalih\.gradle\caches\modules-2\files-2.1\org.jetbrains.kotlin\kotlin-stdlib\1.8.10\6d5560a229477df9406943d5feda5618e98eb64c\kotlin-stdlib-1.8.10.jar;C:\Users\jabarfalih\.gradle\caches\modules-2\files-2.1\org.jetbrains.kotlin\kotlin-script-runtime\1.8.10\b13ea9c7e46d589139e56086a878763290e20bd5\kotlin-script-runtime-1.8.10.jar;C:\Users\jabarfalih\.gradle\caches\modules-2\files-2.1\org.jetbrains.kotlin\kotlin-reflect\1.6.10\1cbe9c92c12a94eea200d23c2bbaedaf3daf5132\kotlin-reflect-1.6.10.jar;C:\Users\jabarfalih\.gradle\caches\modules-2\files-2.1\org.jetbrains.kotlin\kotlin-daemon-embeddable\1.8.10\ad8541d9bc1cf9e52c3204161247910c2cf601d4\kotlin-daemon-embeddable-1.8.10.jar;C:\Users\jabarfalih\.gradle\caches\modules-2\files-2.1\org.jetbrains.intellij.deps\trove4j\1.0.20200330\3afb14d5f9ceb459d724e907a21145e8ff394f02\trove4j-1.0.20200330.jar;C:\Users\jabarfalih\.gradle\caches\modules-2\files-2.1\net.java.dev.jna\jna\5.6.0\330f2244e9030119ab3030fc3fededc86713d9cc\jna-5.6.0.jar;C:\Users\jabarfalih\.gradle\caches\modules-2\files-2.1\org.jetbrains.kotlin\kotlin-stdlib-common\1.8.10\a61b182458550492c12aee66157d7b524a63a5ec\kotlin-stdlib-common-1.8.10.jar;C:\Users\jabarfalih\.gradle\caches\modules-2\files-2.1\org.jetbrains\annotations\13.0\919f0dfe192fb4e063e7dacadee7f8bb9a2672a9\annotations-13.0.jar
Launcher Type: SUN_STANDARD

[Global flags]
     intx CICompilerCount                          = 4                                         {product} {ergonomic}
     uint ConcGCThreads                            = 3                                         {product} {ergonomic}
     uint G1ConcRefinementThreads                  = 10                                        {product} {ergonomic}
   size_t G1HeapRegionSize                         = 2097152                                   {product} {ergonomic}
    uintx GCDrainStackTargetSize                   = 64                                        {product} {ergonomic}
   size_t InitialHeapSize                          = 266338304                                 {product} {ergonomic}
   size_t MarkStackSize                            = 4194304                                   {product} {ergonomic}
   size_t MaxHeapSize                              = 4234149888                                {product} {ergonomic}
   size_t MaxNewSize                               = 2539651072                                {product} {ergonomic}
   size_t MinHeapDeltaBytes                        = 2097152                                   {product} {ergonomic}
   size_t MinHeapSize                              = 8388608                                   {product} {ergonomic}
    uintx NonNMethodCodeHeapSize                   = 5839372                                {pd product} {ergonomic}
    uintx NonProfiledCodeHeapSize                  = 122909434                              {pd product} {ergonomic}
    uintx ProfiledCodeHeapSize                     = 122909434                              {pd product} {ergonomic}
    uintx ReservedCodeCacheSize                    = 251658240                              {pd product} {ergonomic}
     bool SegmentedCodeCache                       = true                                      {product} {ergonomic}
   size_t SoftMaxHeapSize                          = 4234149888                             {manageable} {ergonomic}
     bool UseCompressedClassPointers               = true                           {product lp64_product} {ergonomic}
     bool UseCompressedOops                        = true                           {product lp64_product} {ergonomic}
     bool UseG1GC                                  = true                                      {product} {ergonomic}
     bool UseLargePagesIndividualAllocation        = false                                  {pd product} {ergonomic}

Logging:
Log output configuration:
 #0: stdout all=warning uptime,level,tags
 #1: stderr all=off uptime,level,tags

Environment Variables:
PATH=C:\Python311\Scripts\;C:\Python311\;C:\Program Files\Common Files\Oracle\Java\javapath;C:\Program Files (x86)\Common Files\Oracle\Java\javapath;C:\Program Files (x86)\Common Files\Intel\Shared Libraries\redist\intel64\compiler;C:\Windows\system32;C:\Windows;C:\Windows\System32\Wbem;C:\Windows\System32\WindowsPowerShell\v1.0\;C:\Windows\System32\OpenSSH\;C:\Program Files (x86)\NVIDIA Corporation\PhysX\Common;C:\Program Files\NVIDIA Corporation\NVIDIA NvDLISR;C:\WINDOWS\system32;C:\WINDOWS;C:\WINDOWS\System32\Wbem;C:\WINDOWS\System32\WindowsPowerShell\v1.0\;C:\WINDOWS\System32\OpenSSH\;C:\Program Files\dotnet\;C:\Program Files\PostgreSQL\15\bin;C:\MinGW\bin;C:\Program Files\Java\jdk-17\bin;C:\Program Files\Java\jdk-21\bin;C:\laragon\bin\php\php-8.0.2-Win32-vs16-x64;C:\ProgramData\ComposerSetup\bin;C:\nodejs\;C:\Program Files\Git\cmd;D:\STIS\Semester 5\Sisjarkom\P8\BIND9.16.44.x64;C:\laragon\bin;C:\laragon\bin\apache\httpd-2.4.54-win64-VS16\bin;C:\laragon\bin\composer;C:\laragon\bin\git\bin;C:\laragon\bin\git\cmd;C:\laragon\bin\git\mingw64\bin;C:\laragon\bin\git\usr\bin;C:\laragon\bin\laragon\utils;C:\laragon\bin\mysql\mysql-8.0.30-winx64\bin;C:\laragon\bin\nginx\nginx-1.22.0;C:\laragon\bin\ngrok;C:\laragon\bin\nodejs\node-v18;C:\laragon\bin\notepad++;C:\laragon\bin\php\php-8.0.2-Win32-vs16-x64;C:\laragon\bin\python\python-3.10;C:\laragon\bin\python\python-3.10\Scripts;C:\laragon\bin\redis\redis-x64-5.0.14.1;C:\laragon\bin\telnet;C:\laragon\usr\bin;C:\Users\jabarfalih\AppData\Local\Yarn\config\global\node_modules\.bin;C:\Users\jabarfalih\AppData\Roaming\Composer\vendor\bin;C:\Users\jabarfalih\AppData\Roaming\npm;C:\Users\jabarfalih\AppData\Local\Programs\Python\Python310\Scripts\;C:\Users\jabarfalih\AppData\Local\Programs\Python\Python310\;C:\Users\jabarfalih\AppData\Local\Microsoft\WindowsApps;C:\Program Files\MongoDB\Server\6.0\bin;C:\Program Files (x86)\Nmap;C:\Users\jabarfalih\AppData\Local\Programs\Microsoft VS Code\bin;C:\Users\jabarfalih\AppData\Local\JetBrain
USERNAME=jabarfalih
OS=Windows_NT
PROCESSOR_IDENTIFIER=Intel64 Family 6 Model 141 Stepping 1, GenuineIntel
TMP=C:\Users\JABARF~1\AppData\Local\Temp
TEMP=C:\Users\JABARF~1\AppData\Local\Temp


JNI global refs:
JNI global refs: 12, weak refs: 5

JNI global refs memory usage: 843, weak refs: 841

OOME stack traces (most recent first):
Classloader memory used:
Loader jdk.internal.loader.ClassLoaders$AppClassLoader                                 : 6490K
Loader bootstrap                                                                       : 1637K
Loader java.net.URLClassLoader                                                         : 95905B
Loader jdk.internal.loader.ClassLoaders$PlatformClassLoader                            : 34362B
Loader jdk.internal.reflect.DelegatingClassLoader                                      : 22898B


---------------  S Y S T E M  ---------------

OS:
 Windows 11 , 64 bit Build 22621 (10.0.22621.2506)
OS uptime: 0 days 7:31 hours
Hyper-V role detected

CPU: total 12 (initial active 12) (6 cores per cpu, 2 threads per core) family 6 model 141 stepping 1 microcode 0x3c, cx8, cmov, fxsr, ht, mmx, 3dnowpref, sse, sse2, sse3, ssse3, sse4.1, sse4.2, popcnt, lzcnt, tsc, tscinvbit, avx, avx2, aes, erms, clmul, bmi1, bmi2, adx, avx512f, avx512dq, avx512cd, avx512bw, avx512vl, sha, fma, vzeroupper, avx512_vpopcntdq, avx512_vpclmulqdq, avx512_vaes, avx512_vnni, clflush, clflushopt, clwb, avx512_vbmi2, avx512_vbmi, hv

Memory: 4k page, system-wide physical 16147M (2928M free)
TotalPageFile size 18195M (AvailPageFile size 7M)
current process WorkingSet (physical memory assigned to process): 407M, peak: 407M
current process commit charge ("private bytes"): 626M, peak: 628M

vm_info: OpenJDK 64-Bit Server VM (17.0.7+0-b2043.56-10550314) for windows-amd64 JRE (17.0.7+0-b2043.56-10550314), built on Jul 24 2023 18:27:45 by "androidbuild" with MS VC++ 16.10 / 16.11 (VS2019)

END.
