#
# There is insufficient memory for the Java Runtime Environment to continue.
# Native memory allocation (mmap) failed to map 343932928 bytes for G1 virtual space
# Possible reasons:
#   The system is out of physical RAM or swap space
#   The process is running with CompressedOops enabled, and the Java Heap may be blocking the growth of the native heap
# Possible solutions:
#   Reduce memory load on the system
#   Increase physical memory or swap space
#   Check if swap backing store is full
#   Decrease Java heap size (-Xmx/-Xms)
#   Decrease number of Java threads
#   Decrease Java thread stack sizes (-Xss)
#   Set larger code cache with -XX:ReservedCodeCacheSize=
#   JVM is running with Zero Based Compressed Oops mode in which the Java heap is
#     placed in the first 32GB address space. The Java Heap base address is the
#     maximum limit for the native heap growth. Please use -XX:HeapBaseMinAddress
#     to set the Java Heap base and to place the Java Heap above 32GB virtual address.
# This output file may be truncated or incomplete.
#
#  Out of Memory Error (os_windows.cpp:3771), pid=21772, tid=1824
#
# JRE version: OpenJDK Runtime Environment (17.0.7) (build 17.0.7+0-b2043.56-10550314)
# Java VM: OpenJDK 64-Bit Server VM (17.0.7+0-b2043.56-10550314, mixed mode, tiered, compressed oops, compressed class ptrs, g1 gc, windows-amd64)
# No core dump will be written. Minidumps are not enabled by default on client versions of Windows
#

---------------  S U M M A R Y ------------

Command Line: org.jetbrains.kotlin.cli.jvm.K2JVMCompiler @C:\Users\jabarfalih\AndroidStudioProjects\SIPSTIS\app\build\20231218_2565938641112461290.compiler.options

Host: 11th Gen Intel(R) Core(TM) i5-11400H @ 2.70GHz, 12 cores, 15G,  Windows 11 , 64 bit Build 22621 (10.0.22621.2506)
Time: Mon Dec 18 03:53:02 2023 SE Asia Standard Time elapsed time: 20.738955 seconds (0d 0h 0m 20s)

---------------  T H R E A D  ---------------

Current thread (0x000001e8cd3f4c30):  VMThread "VM Thread" [stack: 0x0000000596e00000,0x0000000596f00000] [id=1824]

Stack: [0x0000000596e00000,0x0000000596f00000]
Native frames: (J=compiled Java code, j=interpreted, Vv=VM code, C=native code)
V  [jvm.dll+0x683bfa]
V  [jvm.dll+0x8430a4]
V  [jvm.dll+0x8449be]
V  [jvm.dll+0x845023]
V  [jvm.dll+0x24ad2f]
V  [jvm.dll+0x680ac9]
V  [jvm.dll+0x67519a]
V  [jvm.dll+0x30b3cb]
V  [jvm.dll+0x312876]
V  [jvm.dll+0x36221e]
V  [jvm.dll+0x36244f]
V  [jvm.dll+0x2e14a8]
V  [jvm.dll+0x2df684]
V  [jvm.dll+0x2dec8c]
V  [jvm.dll+0x32382b]
V  [jvm.dll+0x8496eb]
V  [jvm.dll+0x84a424]
V  [jvm.dll+0x84a93d]
V  [jvm.dll+0x84ad14]
V  [jvm.dll+0x84ade0]
V  [jvm.dll+0x7f2aea]
V  [jvm.dll+0x682a35]
C  [ucrtbase.dll+0x29363]
C  [KERNEL32.DLL+0x1257d]
C  [ntdll.dll+0x5aa58]

VM_Operation (0x00000005968f90d0): G1CollectForAllocation, mode: safepoint, requested by thread 0x000001e8ae67ddb0


---------------  P R O C E S S  ---------------

Threads class SMR info:
_java_thread_list=0x000001e8d301d880, length=14, elements={
0x000001e8ae67ddb0, 0x000001e8cd015540, 0x000001e8cd0160f0, 0x000001e8cd43bd00,
0x000001e8cd43c8b0, 0x000001e8cd441280, 0x000001e8cd441c30, 0x000001e8cd442910,
0x000001e8cd4433b0, 0x000001e8cd455010, 0x000001e8cd5b0200, 0x000001e8cd5b3b00,
0x000001e8cd6e26b0, 0x000001e8d3212110
}

Java Threads: ( => current thread )
  0x000001e8ae67ddb0 JavaThread "main" [_thread_blocked, id=14348, stack(0x0000000596800000,0x0000000596900000)]
  0x000001e8cd015540 JavaThread "Reference Handler" daemon [_thread_blocked, id=5420, stack(0x0000000596f00000,0x0000000597000000)]
  0x000001e8cd0160f0 JavaThread "Finalizer" daemon [_thread_blocked, id=8480, stack(0x0000000597000000,0x0000000597100000)]
  0x000001e8cd43bd00 JavaThread "Signal Dispatcher" daemon [_thread_blocked, id=15504, stack(0x0000000597100000,0x0000000597200000)]
  0x000001e8cd43c8b0 JavaThread "Attach Listener" daemon [_thread_blocked, id=13588, stack(0x0000000597200000,0x0000000597300000)]
  0x000001e8cd441280 JavaThread "Service Thread" daemon [_thread_blocked, id=16320, stack(0x0000000597300000,0x0000000597400000)]
  0x000001e8cd441c30 JavaThread "Monitor Deflation Thread" daemon [_thread_blocked, id=12084, stack(0x0000000597400000,0x0000000597500000)]
  0x000001e8cd442910 JavaThread "C2 CompilerThread0" daemon [_thread_blocked, id=21036, stack(0x0000000597500000,0x0000000597600000)]
  0x000001e8cd4433b0 JavaThread "C1 CompilerThread0" daemon [_thread_blocked, id=18096, stack(0x0000000597600000,0x0000000597700000)]
  0x000001e8cd455010 JavaThread "Sweeper thread" daemon [_thread_blocked, id=14116, stack(0x0000000597700000,0x0000000597800000)]
  0x000001e8cd5b0200 JavaThread "Notification Thread" daemon [_thread_blocked, id=9552, stack(0x0000000597800000,0x0000000597900000)]
  0x000001e8cd5b3b00 JavaThread "Common-Cleaner" daemon [_thread_blocked, id=22260, stack(0x0000000597a00000,0x0000000597b00000)]
  0x000001e8cd6e26b0 JavaThread "C2 CompilerThread1" daemon [_thread_blocked, id=20444, stack(0x0000000597b00000,0x0000000597c00000)]
  0x000001e8d3212110 JavaThread "C2 CompilerThread2" daemon [_thread_blocked, id=15508, stack(0x0000000598100000,0x0000000598200000)]

Other Threads:
=>0x000001e8cd3f4c30 VMThread "VM Thread" [stack: 0x0000000596e00000,0x0000000596f00000] [id=1824]
  0x000001e8cd49a4c0 WatcherThread [stack: 0x0000000597900000,0x0000000597a00000] [id=7432]
  0x000001e8ae6e96f0 GCTaskThread "GC Thread#0" [stack: 0x0000000596900000,0x0000000596a00000] [id=4932]
  0x000001e8d22437e0 GCTaskThread "GC Thread#1" [stack: 0x0000000597c00000,0x0000000597d00000] [id=1908]
  0x000001e8d239c3d0 GCTaskThread "GC Thread#2" [stack: 0x0000000597d00000,0x0000000597e00000] [id=152]
  0x000001e8d239c680 GCTaskThread "GC Thread#3" [stack: 0x0000000597e00000,0x0000000597f00000] [id=20180]
  0x000001e8d239c930 GCTaskThread "GC Thread#4" [stack: 0x0000000597f00000,0x0000000598000000] [id=6784]
  0x000001e8d239cbe0 GCTaskThread "GC Thread#5" [stack: 0x0000000598000000,0x0000000598100000] [id=2220]
  0x000001e8d2c46610 GCTaskThread "GC Thread#6" [stack: 0x0000000598200000,0x0000000598300000] [id=10384]
  0x000001e8d2c478e0 GCTaskThread "GC Thread#7" [stack: 0x0000000598300000,0x0000000598400000] [id=7708]
  0x000001e8d2c46b70 GCTaskThread "GC Thread#8" [stack: 0x0000000598400000,0x0000000598500000] [id=332]
  0x000001e8d2c47630 GCTaskThread "GC Thread#9" [stack: 0x0000000598500000,0x0000000598600000] [id=8388]
  0x000001e8ae6fa280 ConcurrentGCThread "G1 Main Marker" [stack: 0x0000000596a00000,0x0000000596b00000] [id=11636]
  0x000001e8ae6fac90 ConcurrentGCThread "G1 Conc#0" [stack: 0x0000000596b00000,0x0000000596c00000] [id=19372]
  0x000001e8d2c47b90 ConcurrentGCThread "G1 Conc#1" [stack: 0x0000000598600000,0x0000000598700000] [id=4468]
  0x000001e8d2c468c0 ConcurrentGCThread "G1 Conc#2" [stack: 0x0000000598700000,0x0000000598800000] [id=2720]
  0x000001e8ae73df30 ConcurrentGCThread "G1 Refine#0" [stack: 0x0000000596c00000,0x0000000596d00000] [id=15024]
  0x000001e8d7af7610 ConcurrentGCThread "G1 Refine#1" [stack: 0x0000000598800000,0x0000000598900000] [id=12216]
  0x000001e8d7af7bd0 ConcurrentGCThread "G1 Refine#2" [stack: 0x0000000598900000,0x0000000598a00000] [id=2476]
  0x000001e8d7af8190 ConcurrentGCThread "G1 Refine#3" [stack: 0x0000000598a00000,0x0000000598b00000] [id=18776]
  0x000001e8d7af50b0 ConcurrentGCThread "G1 Refine#4" [stack: 0x0000000598b00000,0x0000000598c00000] [id=5284]
  0x000001e8d56c83e0 ConcurrentGCThread "G1 Refine#5" [stack: 0x0000000598c00000,0x0000000598d00000] [id=2560]
  0x000001e8d56c7b40 ConcurrentGCThread "G1 Refine#6" [stack: 0x0000000598d00000,0x0000000598e00000] [id=21784]
  0x000001e8ae73e950 ConcurrentGCThread "G1 Service" [stack: 0x0000000596d00000,0x0000000596e00000] [id=2248]

Threads with active compile tasks:
C2 CompilerThread0    20751 22750       4       org.jetbrains.kotlin.codegen.optimization.DeadCodeEliminationMethodTransformer::transform (118 bytes)
C2 CompilerThread1    20751 22780       4       org.jetbrains.kotlin.codegen.optimization.temporaryVals.TemporaryVariablesEliminationTransformer::simplifyTrivialInstructions (467 bytes)
C2 CompilerThread2    20752 22775       4       org.jetbrains.kotlin.codegen.optimization.temporaryVals.TemporaryVariablesEliminationTransformer::processLabels (534 bytes)

VM state: at safepoint (normal execution)

VM Mutex/Monitor currently owned by a thread:  ([mutex/lock_event])
[0x000001e8ae679980] Threads_lock - owner thread: 0x000001e8cd3f4c30
[0x000001e8ae6786f0] Heap_lock - owner thread: 0x000001e8ae67ddb0

Heap address: 0x0000000703a00000, size: 4038 MB, Compressed Oops mode: Zero based, Oop shift amount: 3

CDS archive(s) not mapped
Compressed class space mapped at: 0x0000000800000000-0x0000000840000000, reserved size: 1073741824
Narrow klass base: 0x0000000800000000, Narrow klass shift: 0, Narrow klass range: 0x40000000

GC Precious Log:
 CPUs: 12 total, 12 available
 Memory: 16147M
 Large Page Support: Disabled
 NUMA Support: Disabled
 Compressed Oops: Enabled (Zero based)
 Heap Region Size: 2M
 Heap Min Capacity: 8M
 Heap Initial Capacity: 254M
 Heap Max Capacity: 4038M
 Pre-touch: Disabled
 Parallel Workers: 10
 Concurrent Workers: 3
 Concurrent Refinement Workers: 10
 Periodic GC: Disabled

Heap:
 garbage-first heap   total 270336K, used 152411K [0x0000000703a00000, 0x0000000800000000)
  region size 2048K, 4 young (8192K), 4 survivors (8192K)
 Metaspace       used 96903K, committed 97344K, reserved 1179648K
  class space    used 10171K, committed 10368K, reserved 1048576K

Heap Regions: E=young(eden), S=young(survivor), O=old, HS=humongous(starts), HC=humongous(continues), CS=collection set, F=free, OA=open archive, CA=closed archive, TAMS=top-at-mark-start (previous, next)
|   0|0x0000000703a00000, 0x0000000703c00000, 0x0000000703c00000|100%|HS|  |TAMS 0x0000000703c00000, 0x0000000703a00000| Complete 
|   1|0x0000000703c00000, 0x0000000703e00000, 0x0000000703e00000|100%|HC|  |TAMS 0x0000000703e00000, 0x0000000703c00000| Complete 
|   2|0x0000000703e00000, 0x0000000704000000, 0x0000000704000000|100%| O|  |TAMS 0x0000000704000000, 0x0000000703e00000| Untracked 
|   3|0x0000000704000000, 0x0000000704200000, 0x0000000704200000|100%|HS|  |TAMS 0x0000000704200000, 0x0000000704000000| Complete 
|   4|0x0000000704200000, 0x0000000704400000, 0x0000000704400000|100%|HC|  |TAMS 0x0000000704400000, 0x0000000704200000| Complete 
|   5|0x0000000704400000, 0x0000000704600000, 0x0000000704600000|100%| O|  |TAMS 0x0000000704600000, 0x0000000704400000| Untracked 
|   6|0x0000000704600000, 0x0000000704800000, 0x0000000704800000|100%| O|  |TAMS 0x0000000704800000, 0x0000000704600000| Untracked 
|   7|0x0000000704800000, 0x0000000704a00000, 0x0000000704a00000|100%| O|  |TAMS 0x0000000704a00000, 0x0000000704800000| Untracked 
|   8|0x0000000704a00000, 0x0000000704c00000, 0x0000000704c00000|100%| O|  |TAMS 0x0000000704c00000, 0x0000000704a00000| Untracked 
|   9|0x0000000704c00000, 0x0000000704e00000, 0x0000000704e00000|100%| O|  |TAMS 0x0000000704e00000, 0x0000000704c00000| Untracked 
|  10|0x0000000704e00000, 0x0000000705000000, 0x0000000705000000|100%| O|  |TAMS 0x0000000705000000, 0x0000000704e00000| Untracked 
|  11|0x0000000705000000, 0x0000000705200000, 0x0000000705200000|100%| O|  |TAMS 0x0000000705200000, 0x0000000705000000| Untracked 
|  12|0x0000000705200000, 0x0000000705400000, 0x0000000705400000|100%| O|  |TAMS 0x0000000705400000, 0x0000000705200000| Untracked 
|  13|0x0000000705400000, 0x0000000705600000, 0x0000000705600000|100%| O|  |TAMS 0x0000000705600000, 0x0000000705400000| Untracked 
|  14|0x0000000705600000, 0x0000000705800000, 0x0000000705800000|100%|HS|  |TAMS 0x0000000705800000, 0x0000000705600000| Complete 
|  15|0x0000000705800000, 0x0000000705a00000, 0x0000000705a00000|100%| O|  |TAMS 0x0000000705a00000, 0x0000000705800000| Untracked 
|  16|0x0000000705a00000, 0x0000000705c00000, 0x0000000705c00000|100%| O|  |TAMS 0x0000000705c00000, 0x0000000705a00000| Untracked 
|  17|0x0000000705c00000, 0x0000000705e00000, 0x0000000705e00000|100%| O|  |TAMS 0x0000000705e00000, 0x0000000705c00000| Untracked 
|  18|0x0000000705e00000, 0x0000000706000000, 0x0000000706000000|100%| O|  |TAMS 0x0000000706000000, 0x0000000705e00000| Untracked 
|  19|0x0000000706000000, 0x0000000706200000, 0x0000000706200000|100%| O|  |TAMS 0x0000000706200000, 0x0000000706000000| Untracked 
|  20|0x0000000706200000, 0x0000000706400000, 0x0000000706400000|100%| O|  |TAMS 0x0000000706400000, 0x0000000706200000| Untracked 
|  21|0x0000000706400000, 0x0000000706600000, 0x0000000706600000|100%| O|  |TAMS 0x0000000706600000, 0x0000000706400000| Untracked 
|  22|0x0000000706600000, 0x0000000706800000, 0x0000000706800000|100%| O|  |TAMS 0x0000000706800000, 0x0000000706600000| Untracked 
|  23|0x0000000706800000, 0x0000000706a00000, 0x0000000706a00000|100%| O|  |TAMS 0x0000000706a00000, 0x0000000706800000| Untracked 
|  24|0x0000000706a00000, 0x0000000706c00000, 0x0000000706c00000|100%| O|  |TAMS 0x0000000706c00000, 0x0000000706a00000| Untracked 
|  25|0x0000000706c00000, 0x0000000706e00000, 0x0000000706e00000|100%| O|  |TAMS 0x0000000706e00000, 0x0000000706c00000| Untracked 
|  26|0x0000000706e00000, 0x0000000707000000, 0x0000000707000000|100%| O|  |TAMS 0x0000000707000000, 0x0000000706e00000| Untracked 
|  27|0x0000000707000000, 0x0000000707200000, 0x0000000707200000|100%| O|  |TAMS 0x0000000707200000, 0x0000000707000000| Untracked 
|  28|0x0000000707200000, 0x0000000707400000, 0x0000000707400000|100%| O|  |TAMS 0x0000000707400000, 0x0000000707200000| Untracked 
|  29|0x0000000707400000, 0x0000000707600000, 0x0000000707600000|100%| O|  |TAMS 0x0000000707600000, 0x0000000707400000| Untracked 
|  30|0x0000000707600000, 0x0000000707800000, 0x0000000707800000|100%| O|  |TAMS 0x0000000707800000, 0x0000000707600000| Untracked 
|  31|0x0000000707800000, 0x0000000707a00000, 0x0000000707a00000|100%| O|  |TAMS 0x0000000707a00000, 0x0000000707800000| Untracked 
|  32|0x0000000707a00000, 0x0000000707c00000, 0x0000000707c00000|100%| O|  |TAMS 0x0000000707c00000, 0x0000000707a00000| Untracked 
|  33|0x0000000707c00000, 0x0000000707e00000, 0x0000000707e00000|100%| O|  |TAMS 0x0000000707e00000, 0x0000000707c00000| Untracked 
|  34|0x0000000707e00000, 0x0000000708000000, 0x0000000708000000|100%| O|  |TAMS 0x0000000708000000, 0x0000000707e00000| Untracked 
|  35|0x0000000708000000, 0x0000000708200000, 0x0000000708200000|100%| O|  |TAMS 0x0000000708200000, 0x0000000708000000| Untracked 
|  36|0x0000000708200000, 0x0000000708400000, 0x0000000708400000|100%| O|  |TAMS 0x0000000708400000, 0x0000000708200000| Untracked 
|  37|0x0000000708400000, 0x0000000708600000, 0x0000000708600000|100%| O|  |TAMS 0x0000000708600000, 0x0000000708400000| Untracked 
|  38|0x0000000708600000, 0x0000000708800000, 0x0000000708800000|100%| O|  |TAMS 0x0000000708600000, 0x0000000708600000| Untracked 
|  39|0x0000000708800000, 0x0000000708a00000, 0x0000000708a00000|100%| O|  |TAMS 0x0000000708a00000, 0x0000000708800000| Untracked 
|  40|0x0000000708a00000, 0x0000000708c00000, 0x0000000708c00000|100%| O|  |TAMS 0x0000000708c00000, 0x0000000708a00000| Untracked 
|  41|0x0000000708c00000, 0x0000000708e00000, 0x0000000708e00000|100%| O|  |TAMS 0x0000000708e00000, 0x0000000708c00000| Untracked 
|  42|0x0000000708e00000, 0x0000000708f8b200, 0x0000000709000000| 77%| O|  |TAMS 0x0000000708e00000, 0x0000000708e00000| Untracked 
|  43|0x0000000709000000, 0x0000000709200000, 0x0000000709200000|100%| O|  |TAMS 0x0000000709200000, 0x0000000709000000| Untracked 
|  44|0x0000000709200000, 0x0000000709400000, 0x0000000709400000|100%| O|  |TAMS 0x0000000709400000, 0x0000000709200000| Untracked 
|  45|0x0000000709400000, 0x0000000709600000, 0x0000000709600000|100%| O|  |TAMS 0x0000000709600000, 0x0000000709400000| Untracked 
|  46|0x0000000709600000, 0x0000000709800000, 0x0000000709800000|100%| O|  |TAMS 0x0000000709800000, 0x0000000709600000| Untracked 
|  47|0x0000000709800000, 0x0000000709a00000, 0x0000000709a00000|100%| O|  |TAMS 0x0000000709800000, 0x0000000709800000| Untracked 
|  48|0x0000000709a00000, 0x0000000709c00000, 0x0000000709c00000|100%| O|  |TAMS 0x0000000709c00000, 0x0000000709a00000| Untracked 
|  49|0x0000000709c00000, 0x0000000709e00000, 0x0000000709e00000|100%| O|  |TAMS 0x0000000709e00000, 0x0000000709c00000| Untracked 
|  50|0x0000000709e00000, 0x000000070a000000, 0x000000070a000000|100%| O|  |TAMS 0x000000070a000000, 0x0000000709e00000| Untracked 
|  51|0x000000070a000000, 0x000000070a200000, 0x000000070a200000|100%| O|  |TAMS 0x000000070a200000, 0x000000070a000000| Untracked 
|  52|0x000000070a200000, 0x000000070a400000, 0x000000070a400000|100%| O|  |TAMS 0x000000070a400000, 0x000000070a200000| Untracked 
|  53|0x000000070a400000, 0x000000070a600000, 0x000000070a600000|100%| O|  |TAMS 0x000000070a600000, 0x000000070a400000| Untracked 
|  54|0x000000070a600000, 0x000000070a800000, 0x000000070a800000|100%| O|  |TAMS 0x000000070a800000, 0x000000070a600000| Untracked 
|  55|0x000000070a800000, 0x000000070aa00000, 0x000000070aa00000|100%| O|  |TAMS 0x000000070aa00000, 0x000000070a800000| Untracked 
|  56|0x000000070aa00000, 0x000000070ac00000, 0x000000070ac00000|100%| O|  |TAMS 0x000000070ac00000, 0x000000070aa00000| Untracked 
|  57|0x000000070ac00000, 0x000000070ae00000, 0x000000070ae00000|100%| O|  |TAMS 0x000000070ae00000, 0x000000070ac00000| Untracked 
|  58|0x000000070ae00000, 0x000000070b000000, 0x000000070b000000|100%| O|  |TAMS 0x000000070b000000, 0x000000070ae00000| Untracked 
|  59|0x000000070b000000, 0x000000070b200000, 0x000000070b200000|100%| O|  |TAMS 0x000000070b200000, 0x000000070b000000| Untracked 
|  60|0x000000070b200000, 0x000000070b400000, 0x000000070b400000|100%| O|  |TAMS 0x000000070b400000, 0x000000070b200000| Untracked 
|  61|0x000000070b400000, 0x000000070b600000, 0x000000070b600000|100%| O|  |TAMS 0x000000070b400000, 0x000000070b400000| Untracked 
|  62|0x000000070b600000, 0x000000070b800000, 0x000000070b800000|100%| O|  |TAMS 0x000000070b800000, 0x000000070b600000| Untracked 
|  63|0x000000070b800000, 0x000000070ba00000, 0x000000070ba00000|100%| O|  |TAMS 0x000000070ba00000, 0x000000070b800000| Untracked 
|  64|0x000000070ba00000, 0x000000070bc00000, 0x000000070bc00000|100%| O|  |TAMS 0x000000070bc00000, 0x000000070ba00000| Untracked 
|  65|0x000000070bc00000, 0x000000070be00000, 0x000000070be00000|100%| O|  |TAMS 0x000000070be00000, 0x000000070bc00000| Untracked 
|  66|0x000000070be00000, 0x000000070c000000, 0x000000070c000000|100%| O|  |TAMS 0x000000070c000000, 0x000000070be00000| Untracked 
|  67|0x000000070c000000, 0x000000070c200000, 0x000000070c200000|100%| O|  |TAMS 0x000000070c160e00, 0x000000070c000000| Untracked 
|  68|0x000000070c200000, 0x000000070c400000, 0x000000070c400000|100%| O|  |TAMS 0x000000070c200000, 0x000000070c200000| Untracked 
|  69|0x000000070c400000, 0x000000070c600000, 0x000000070c600000|100%| O|  |TAMS 0x000000070c400000, 0x000000070c400000| Untracked 
|  70|0x000000070c600000, 0x000000070c800000, 0x000000070c800000|100%| O|  |TAMS 0x000000070c600000, 0x000000070c600000| Untracked 
|  71|0x000000070c800000, 0x000000070c800000, 0x000000070ca00000|  0%| F|  |TAMS 0x000000070c800000, 0x000000070c800000| Untracked 
|  72|0x000000070ca00000, 0x000000070ca00000, 0x000000070cc00000|  0%| F|  |TAMS 0x000000070ca00000, 0x000000070ca00000| Untracked 
|  73|0x000000070cc00000, 0x000000070cc00000, 0x000000070ce00000|  0%| F|  |TAMS 0x000000070cc00000, 0x000000070cc00000| Untracked 
|  74|0x000000070ce00000, 0x000000070ce00000, 0x000000070d000000|  0%| F|  |TAMS 0x000000070ce00000, 0x000000070ce00000| Untracked 
|  75|0x000000070d000000, 0x000000070d000000, 0x000000070d200000|  0%| F|  |TAMS 0x000000070d000000, 0x000000070d000000| Untracked 
|  76|0x000000070d200000, 0x000000070d200000, 0x000000070d400000|  0%| F|  |TAMS 0x000000070d200000, 0x000000070d200000| Untracked 
|  77|0x000000070d400000, 0x000000070d400000, 0x000000070d600000|  0%| F|  |TAMS 0x000000070d400000, 0x000000070d400000| Untracked 
|  78|0x000000070d600000, 0x000000070d600000, 0x000000070d800000|  0%| F|  |TAMS 0x000000070d600000, 0x000000070d600000| Untracked 
|  79|0x000000070d800000, 0x000000070d800000, 0x000000070da00000|  0%| F|  |TAMS 0x000000070d800000, 0x000000070d800000| Untracked 
|  80|0x000000070da00000, 0x000000070da00000, 0x000000070dc00000|  0%| F|  |TAMS 0x000000070da00000, 0x000000070da00000| Untracked 
|  81|0x000000070dc00000, 0x000000070dc00000, 0x000000070de00000|  0%| F|  |TAMS 0x000000070dc00000, 0x000000070dc00000| Untracked 
|  82|0x000000070de00000, 0x000000070de00000, 0x000000070e000000|  0%| F|  |TAMS 0x000000070de00000, 0x000000070de00000| Untracked 
|  83|0x000000070e000000, 0x000000070e000000, 0x000000070e200000|  0%| F|  |TAMS 0x000000070e000000, 0x000000070e000000| Untracked 
|  84|0x000000070e200000, 0x000000070e200000, 0x000000070e400000|  0%| F|  |TAMS 0x000000070e200000, 0x000000070e200000| Untracked 
|  85|0x000000070e400000, 0x000000070e400000, 0x000000070e600000|  0%| F|  |TAMS 0x000000070e400000, 0x000000070e400000| Untracked 
|  86|0x000000070e600000, 0x000000070e600000, 0x000000070e800000|  0%| F|  |TAMS 0x000000070e600000, 0x000000070e600000| Untracked 
|  87|0x000000070e800000, 0x000000070e800000, 0x000000070ea00000|  0%| F|  |TAMS 0x000000070e800000, 0x000000070e800000| Untracked 
|  88|0x000000070ea00000, 0x000000070eb4bd28, 0x000000070ec00000| 64%| S|CS|TAMS 0x000000070ea00000, 0x000000070ea00000| Complete 
|  89|0x000000070ec00000, 0x000000070ec00000, 0x000000070ee00000|  0%| F|  |TAMS 0x000000070ec00000, 0x000000070ec00000| Untracked 
|  90|0x000000070ee00000, 0x000000070ee00000, 0x000000070f000000|  0%| F|  |TAMS 0x000000070ee00000, 0x000000070ee00000| Untracked 
|  91|0x000000070f000000, 0x000000070f000000, 0x000000070f200000|  0%| F|  |TAMS 0x000000070f000000, 0x000000070f000000| Untracked 
|  92|0x000000070f200000, 0x000000070f400000, 0x000000070f400000|100%| S|CS|TAMS 0x000000070f200000, 0x000000070f200000| Complete 
|  93|0x000000070f400000, 0x000000070f600000, 0x000000070f600000|100%| S|CS|TAMS 0x000000070f400000, 0x000000070f400000| Complete 
|  94|0x000000070f600000, 0x000000070f800000, 0x000000070f800000|100%| S|CS|TAMS 0x000000070f600000, 0x000000070f600000| Complete 
|  95|0x000000070f800000, 0x000000070f800000, 0x000000070fa00000|  0%| F|  |TAMS 0x000000070f800000, 0x000000070f800000| Untracked 
|  96|0x000000070fa00000, 0x000000070fa00000, 0x000000070fc00000|  0%| F|  |TAMS 0x000000070fa00000, 0x000000070fa00000| Untracked 
|  97|0x000000070fc00000, 0x000000070fc00000, 0x000000070fe00000|  0%| F|  |TAMS 0x000000070fc00000, 0x000000070fc00000| Untracked 
|  98|0x000000070fe00000, 0x000000070fe00000, 0x0000000710000000|  0%| F|  |TAMS 0x000000070fe00000, 0x000000070fe00000| Untracked 
|  99|0x0000000710000000, 0x0000000710000000, 0x0000000710200000|  0%| F|  |TAMS 0x0000000710000000, 0x0000000710000000| Untracked 
| 100|0x0000000710200000, 0x0000000710200000, 0x0000000710400000|  0%| F|  |TAMS 0x0000000710200000, 0x0000000710200000| Untracked 
| 101|0x0000000710400000, 0x0000000710400000, 0x0000000710600000|  0%| F|  |TAMS 0x0000000710400000, 0x0000000710400000| Untracked 
| 102|0x0000000710600000, 0x0000000710600000, 0x0000000710800000|  0%| F|  |TAMS 0x0000000710600000, 0x0000000710600000| Untracked 
| 103|0x0000000710800000, 0x0000000710800000, 0x0000000710a00000|  0%| F|  |TAMS 0x0000000710800000, 0x0000000710800000| Untracked 
| 104|0x0000000710a00000, 0x0000000710a00000, 0x0000000710c00000|  0%| F|  |TAMS 0x0000000710a00000, 0x0000000710a00000| Untracked 
| 105|0x0000000710c00000, 0x0000000710c00000, 0x0000000710e00000|  0%| F|  |TAMS 0x0000000710c00000, 0x0000000710c00000| Untracked 
| 106|0x0000000710e00000, 0x0000000710e00000, 0x0000000711000000|  0%| F|  |TAMS 0x0000000710e00000, 0x0000000710e00000| Untracked 
| 107|0x0000000711000000, 0x0000000711000000, 0x0000000711200000|  0%| F|  |TAMS 0x0000000711000000, 0x0000000711000000| Untracked 
| 108|0x0000000711200000, 0x0000000711200000, 0x0000000711400000|  0%| F|  |TAMS 0x0000000711200000, 0x0000000711200000| Untracked 
| 109|0x0000000711400000, 0x0000000711400000, 0x0000000711600000|  0%| F|  |TAMS 0x0000000711400000, 0x0000000711400000| Untracked 
| 110|0x0000000711600000, 0x0000000711600000, 0x0000000711800000|  0%| F|  |TAMS 0x0000000711600000, 0x0000000711600000| Untracked 
| 111|0x0000000711800000, 0x0000000711800000, 0x0000000711a00000|  0%| F|  |TAMS 0x0000000711800000, 0x0000000711800000| Untracked 
| 112|0x0000000711a00000, 0x0000000711a00000, 0x0000000711c00000|  0%| F|  |TAMS 0x0000000711a00000, 0x0000000711a00000| Untracked 
| 113|0x0000000711c00000, 0x0000000711c00000, 0x0000000711e00000|  0%| F|  |TAMS 0x0000000711c00000, 0x0000000711c00000| Untracked 
| 114|0x0000000711e00000, 0x0000000711e00000, 0x0000000712000000|  0%| F|  |TAMS 0x0000000711e00000, 0x0000000711e00000| Untracked 
| 115|0x0000000712000000, 0x0000000712000000, 0x0000000712200000|  0%| F|  |TAMS 0x0000000712000000, 0x0000000712000000| Untracked 
| 116|0x0000000712200000, 0x0000000712200000, 0x0000000712400000|  0%| F|  |TAMS 0x0000000712200000, 0x0000000712200000| Untracked 
| 117|0x0000000712400000, 0x0000000712400000, 0x0000000712600000|  0%| F|  |TAMS 0x0000000712400000, 0x0000000712400000| Untracked 
| 118|0x0000000712600000, 0x0000000712600000, 0x0000000712800000|  0%| F|  |TAMS 0x0000000712600000, 0x0000000712600000| Untracked 
| 119|0x0000000712800000, 0x0000000712800000, 0x0000000712a00000|  0%| F|  |TAMS 0x0000000712800000, 0x0000000712800000| Untracked 
| 120|0x0000000712a00000, 0x0000000712a00000, 0x0000000712c00000|  0%| F|  |TAMS 0x0000000712a00000, 0x0000000712a00000| Untracked 
| 121|0x0000000712c00000, 0x0000000712c00000, 0x0000000712e00000|  0%| F|  |TAMS 0x0000000712c00000, 0x0000000712c00000| Untracked 
| 122|0x0000000712e00000, 0x0000000712e00000, 0x0000000713000000|  0%| F|  |TAMS 0x0000000712e00000, 0x0000000712e00000| Untracked 
| 123|0x0000000713000000, 0x0000000713000000, 0x0000000713200000|  0%| F|  |TAMS 0x0000000713000000, 0x0000000713000000| Untracked 
| 124|0x0000000713200000, 0x0000000713200000, 0x0000000713400000|  0%| F|  |TAMS 0x0000000713200000, 0x0000000713200000| Untracked 
| 125|0x0000000713400000, 0x0000000713400000, 0x0000000713600000|  0%| F|  |TAMS 0x0000000713400000, 0x0000000713400000| Untracked 
| 126|0x0000000713600000, 0x0000000713600000, 0x0000000713800000|  0%| F|  |TAMS 0x0000000713600000, 0x0000000713600000| Untracked 
| 127|0x0000000713800000, 0x0000000713800000, 0x0000000713a00000|  0%| F|  |TAMS 0x0000000713800000, 0x0000000713800000| Untracked 
| 128|0x0000000713a00000, 0x0000000713a00000, 0x0000000713c00000|  0%| F|  |TAMS 0x0000000713a00000, 0x0000000713a00000| Untracked 
| 129|0x0000000713c00000, 0x0000000713c00000, 0x0000000713e00000|  0%| F|  |TAMS 0x0000000713c00000, 0x0000000713c00000| Untracked 
| 130|0x0000000713e00000, 0x0000000713e00000, 0x0000000714000000|  0%| F|  |TAMS 0x0000000713e00000, 0x0000000713e00000| Untracked 
| 131|0x0000000714000000, 0x0000000714000000, 0x0000000714200000|  0%| F|  |TAMS 0x0000000714000000, 0x0000000714000000| Untracked 

Card table byte_map: [0x000001e8c1890000,0x000001e8c2080000] _byte_map_base: 0x000001e8be073000

Marking Bits (Prev, Next): (CMBitMap*) 0x000001e8ae6e9d40, (CMBitMap*) 0x000001e8ae6e9d00
 Prev Bits: [0x000001e8c6790000, 0x000001e8ca6a8000)
 Next Bits: [0x000001e8c2870000, 0x000001e8c6788000)

Polling page: 0x000001e8ac5b0000

Metaspace:

Usage:
  Non-class:     84.70 MB used.
      Class:      9.93 MB used.
       Both:     94.63 MB used.

Virtual space:
  Non-class space:      128.00 MB reserved,      84.94 MB ( 66%) committed,  2 nodes.
      Class space:        1.00 GB reserved,      10.12 MB ( <1%) committed,  1 nodes.
             Both:        1.12 GB reserved,      95.06 MB (  8%) committed. 

Chunk freelists:
   Non-Class:  10.41 MB
       Class:  5.91 MB
        Both:  16.31 MB

MaxMetaspaceSize: unlimited
CompressedClassSpaceSize: 1.00 GB
Initial GC threshold: 21.00 MB
Current GC threshold: 157.94 MB
CDS: off
MetaspaceReclaimPolicy: balanced
 - commit_granule_bytes: 65536.
 - commit_granule_words: 8192.
 - virtual_space_node_default_size: 8388608.
 - enlarge_chunks_in_place: 1.
 - new_chunks_are_fully_committed: 0.
 - uncommit_free_chunks: 1.
 - use_allocation_guard: 0.
 - handle_deallocations: 1.


Internal statistics:

num_allocs_failed_limit: 6.
num_arena_births: 516.
num_arena_deaths: 0.
num_vsnodes_births: 3.
num_vsnodes_deaths: 0.
num_space_committed: 1519.
num_space_uncommitted: 0.
num_chunks_returned_to_freelist: 6.
num_chunks_taken_from_freelist: 3748.
num_chunk_merges: 6.
num_chunk_splits: 2976.
num_chunks_enlarged: 2537.
num_inconsistent_stats: 0.

CodeHeap 'non-profiled nmethods': size=120000Kb used=12342Kb max_used=12342Kb free=107657Kb
 bounds [0x000001e8b9620000, 0x000001e8ba230000, 0x000001e8c0b50000]
CodeHeap 'profiled nmethods': size=120000Kb used=56282Kb max_used=56282Kb free=63717Kb
 bounds [0x000001e8b1b50000, 0x000001e8b5250000, 0x000001e8b9080000]
CodeHeap 'non-nmethods': size=5760Kb used=1440Kb max_used=1556Kb free=4319Kb
 bounds [0x000001e8b9080000, 0x000001e8b92f0000, 0x000001e8b9620000]
 total_blobs=19112 nmethods=18354 adapters=666
 compilation: enabled
              stopped_count=0, restarted_count=0
 full_count=0

Compilation events (20 events):
Event: 20.697 Thread 0x000001e8d3212110 nmethod 22773 0x000001e8ba22ad90 code [0x000001e8ba22af20, 0x000001e8ba22b0d8]
Event: 20.697 Thread 0x000001e8d3212110 22772       4       org.jetbrains.org.objectweb.asm.MethodVisitor::visitLdcInsn (87 bytes)
Event: 20.697 Thread 0x000001e8d3212110 nmethod 22772 0x000001e8ba22b290 code [0x000001e8ba22b420, 0x000001e8ba22b518]
Event: 20.697 Thread 0x000001e8d3212110 22087       4       java.util.LinkedList::add (7 bytes)
Event: 20.699 Thread 0x000001e8cd4433b0 22776       1       org.jetbrains.kotlin.codegen.inline.InliningContext::getTypeRemapper (5 bytes)
Event: 20.699 Thread 0x000001e8cd4433b0 nmethod 22776 0x000001e8ba22b610 code [0x000001e8ba22b7a0, 0x000001e8ba22b878]
Event: 20.700 Thread 0x000001e8d3212110 nmethod 22087 0x000001e8ba22b910 code [0x000001e8ba22baa0, 0x000001e8ba22be38]
Event: 20.700 Thread 0x000001e8d3212110 22775       4       org.jetbrains.kotlin.codegen.optimization.temporaryVals.TemporaryVariablesEliminationTransformer::processLabels (534 bytes)
Event: 20.705 Thread 0x000001e8cd4433b0 22781       2       org.jetbrains.kotlin.codegen.optimization.fixStack.FixStackMethodTransformer::removeAlwaysFalseIfeqMarkers (68 bytes)
Event: 20.707 Thread 0x000001e8cd4433b0 nmethod 22781 0x000001e8b5238110 code [0x000001e8b5238380, 0x000001e8b5238a58]
Event: 20.707 Thread 0x000001e8cd6e26b0 nmethod 22770% 0x000001e8ba22bf10 code [0x000001e8ba22c100, 0x000001e8ba22cb48]
Event: 20.707 Thread 0x000001e8cd6e26b0 22780       4       org.jetbrains.kotlin.codegen.optimization.temporaryVals.TemporaryVariablesEliminationTransformer::simplifyTrivialInstructions (467 bytes)
Event: 20.707 Thread 0x000001e8cd4433b0 22782       1       org.jetbrains.kotlin.codegen.inline.InliningContext::getNameGenerator (5 bytes)
Event: 20.707 Thread 0x000001e8cd4433b0 nmethod 22782 0x000001e8ba22d590 code [0x000001e8ba22d720, 0x000001e8ba22d7f8]
Event: 20.708 Thread 0x000001e8cd4433b0 22783   !   2       org.jetbrains.kotlin.codegen.inline.MethodInliner::doInline (309 bytes)
Event: 20.710 Thread 0x000001e8cd4433b0 nmethod 22783 0x000001e8b5238f90 code [0x000001e8b5239300, 0x000001e8b523a548]
Event: 20.712 Thread 0x000001e8cd4433b0 22788       3       org.jetbrains.kotlin.codegen.inline.MethodInliner::transformCaptured (504 bytes)
Event: 20.716 Thread 0x000001e8cd4433b0 nmethod 22788 0x000001e8b523b110 code [0x000001e8b523b9a0, 0x000001e8b52411d8]
Event: 20.716 Thread 0x000001e8cd4433b0 22789       2       org.jetbrains.org.objectweb.asm.tree.analysis.Frame::execute (2125 bytes)
Event: 20.719 Thread 0x000001e8cd4433b0 nmethod 22789 0x000001e8b5242f90 code [0x000001e8b5243c80, 0x000001e8b5247328]

GC Heap History (20 events):
Event: 16.346 GC heap after
{Heap after GC invocations=28 (full 0):
 garbage-first heap   total 210944K, used 131153K [0x0000000703a00000, 0x0000000800000000)
  region size 2048K, 3 young (6144K), 3 survivors (6144K)
 Metaspace       used 87494K, committed 87936K, reserved 1179648K
  class space    used 9564K, committed 9792K, reserved 1048576K
}
Event: 17.194 GC heap before
{Heap before GC invocations=29 (full 0):
 garbage-first heap   total 225280K, used 170065K [0x0000000703a00000, 0x0000000800000000)
  region size 2048K, 23 young (47104K), 3 survivors (6144K)
 Metaspace       used 89930K, committed 90368K, reserved 1179648K
  class space    used 9748K, committed 9984K, reserved 1048576K
}
Event: 17.201 GC heap after
{Heap after GC invocations=30 (full 0):
 garbage-first heap   total 225280K, used 131667K [0x0000000703a00000, 0x0000000800000000)
  region size 2048K, 2 young (4096K), 2 survivors (4096K)
 Metaspace       used 89930K, committed 90368K, reserved 1179648K
  class space    used 9748K, committed 9984K, reserved 1048576K
}
Event: 17.302 GC heap before
{Heap before GC invocations=30 (full 0):
 garbage-first heap   total 225280K, used 137811K [0x0000000703a00000, 0x0000000800000000)
  region size 2048K, 5 young (10240K), 2 survivors (4096K)
 Metaspace       used 90040K, committed 90496K, reserved 1179648K
  class space    used 9748K, committed 9984K, reserved 1048576K
}
Event: 17.308 GC heap after
{Heap after GC invocations=31 (full 0):
 garbage-first heap   total 225280K, used 127734K [0x0000000703a00000, 0x0000000800000000)
  region size 2048K, 1 young (2048K), 1 survivors (2048K)
 Metaspace       used 90040K, committed 90496K, reserved 1179648K
  class space    used 9748K, committed 9984K, reserved 1048576K
}
Event: 18.094 GC heap before
{Heap before GC invocations=31 (full 0):
 garbage-first heap   total 225280K, used 183030K [0x0000000703a00000, 0x0000000800000000)
  region size 2048K, 28 young (57344K), 1 survivors (2048K)
 Metaspace       used 94332K, committed 94720K, reserved 1179648K
  class space    used 10087K, committed 10304K, reserved 1048576K
}
Event: 18.100 GC heap after
{Heap after GC invocations=32 (full 0):
 garbage-first heap   total 270336K, used 130526K [0x0000000703a00000, 0x0000000800000000)
  region size 2048K, 2 young (4096K), 2 survivors (4096K)
 Metaspace       used 94332K, committed 94720K, reserved 1179648K
  class space    used 10087K, committed 10304K, reserved 1048576K
}
Event: 19.193 GC heap before
{Heap before GC invocations=33 (full 0):
 garbage-first heap   total 270336K, used 216542K [0x0000000703a00000, 0x0000000800000000)
  region size 2048K, 44 young (90112K), 2 survivors (4096K)
 Metaspace       used 96270K, committed 96704K, reserved 1179648K
  class space    used 10161K, committed 10368K, reserved 1048576K
}
Event: 19.200 GC heap after
{Heap after GC invocations=34 (full 0):
 garbage-first heap   total 270336K, used 136777K [0x0000000703a00000, 0x0000000800000000)
  region size 2048K, 5 young (10240K), 5 survivors (10240K)
 Metaspace       used 96270K, committed 96704K, reserved 1179648K
  class space    used 10161K, committed 10368K, reserved 1048576K
}
Event: 19.224 GC heap before
{Heap before GC invocations=34 (full 0):
 garbage-first heap   total 270336K, used 138825K [0x0000000703a00000, 0x0000000800000000)
  region size 2048K, 6 young (12288K), 5 survivors (10240K)
 Metaspace       used 96284K, committed 96704K, reserved 1179648K
  class space    used 10161K, committed 10368K, reserved 1048576K
}
Event: 19.233 GC heap after
{Heap after GC invocations=35 (full 0):
 garbage-first heap   total 270336K, used 136068K [0x0000000703a00000, 0x0000000800000000)
  region size 2048K, 1 young (2048K), 1 survivors (2048K)
 Metaspace       used 96284K, committed 96704K, reserved 1179648K
  class space    used 10161K, committed 10368K, reserved 1048576K
}
Event: 19.675 GC heap before
{Heap before GC invocations=35 (full 0):
 garbage-first heap   total 270336K, used 217988K [0x0000000703a00000, 0x0000000800000000)
  region size 2048K, 41 young (83968K), 1 survivors (2048K)
 Metaspace       used 96594K, committed 97024K, reserved 1179648K
  class space    used 10166K, committed 10368K, reserved 1048576K
}
Event: 19.679 GC heap after
{Heap after GC invocations=36 (full 0):
 garbage-first heap   total 270336K, used 139848K [0x0000000703a00000, 0x0000000800000000)
  region size 2048K, 3 young (6144K), 3 survivors (6144K)
 Metaspace       used 96594K, committed 97024K, reserved 1179648K
  class space    used 10166K, committed 10368K, reserved 1048576K
}
Event: 20.060 GC heap before
{Heap before GC invocations=37 (full 0):
 garbage-first heap   total 270336K, used 219720K [0x0000000703a00000, 0x0000000800000000)
  region size 2048K, 42 young (86016K), 3 survivors (6144K)
 Metaspace       used 96705K, committed 97152K, reserved 1179648K
  class space    used 10167K, committed 10368K, reserved 1048576K
}
Event: 20.066 GC heap after
{Heap after GC invocations=38 (full 0):
 garbage-first heap   total 270336K, used 143006K [0x0000000703a00000, 0x0000000800000000)
  region size 2048K, 5 young (10240K), 5 survivors (10240K)
 Metaspace       used 96705K, committed 97152K, reserved 1179648K
  class space    used 10167K, committed 10368K, reserved 1048576K
}
Event: 20.080 GC heap before
{Heap before GC invocations=38 (full 0):
 garbage-first heap   total 270336K, used 145054K [0x0000000703a00000, 0x0000000800000000)
  region size 2048K, 6 young (12288K), 5 survivors (10240K)
 Metaspace       used 96710K, committed 97152K, reserved 1179648K
  class space    used 10167K, committed 10368K, reserved 1048576K
}
Event: 20.087 GC heap after
{Heap after GC invocations=39 (full 0):
 garbage-first heap   total 270336K, used 142137K [0x0000000703a00000, 0x0000000800000000)
  region size 2048K, 1 young (2048K), 1 survivors (2048K)
 Metaspace       used 96710K, committed 97152K, reserved 1179648K
  class space    used 10167K, committed 10368K, reserved 1048576K
}
Event: 20.407 GC heap before
{Heap before GC invocations=39 (full 0):
 garbage-first heap   total 270336K, used 222009K [0x0000000703a00000, 0x0000000800000000)
  region size 2048K, 40 young (81920K), 1 survivors (2048K)
 Metaspace       used 96780K, committed 97216K, reserved 1179648K
  class space    used 10167K, committed 10368K, reserved 1048576K
}
Event: 20.413 GC heap after
{Heap after GC invocations=40 (full 0):
 garbage-first heap   total 270336K, used 146179K [0x0000000703a00000, 0x0000000800000000)
  region size 2048K, 3 young (6144K), 3 survivors (6144K)
 Metaspace       used 96780K, committed 97216K, reserved 1179648K
  class space    used 10167K, committed 10368K, reserved 1048576K
}
Event: 20.730 GC heap before
{Heap before GC invocations=40 (full 0):
 garbage-first heap   total 270336K, used 221955K [0x0000000703a00000, 0x0000000800000000)
  region size 2048K, 40 young (81920K), 3 survivors (6144K)
 Metaspace       used 96903K, committed 97344K, reserved 1179648K
  class space    used 10171K, committed 10368K, reserved 1048576K
}

Dll operation events (2 events):
Event: 0.008 Loaded shared library C:\Users\jabarfalih\AppData\Local\Programs\Android Studio\jbr\bin\java.dll
Event: 1.078 Loaded shared library C:\Users\jabarfalih\AppData\Local\Programs\Android Studio\jbr\bin\verify.dll

Deoptimization events (20 events):
Event: 20.703 Thread 0x000001e8ae67ddb0 DEOPT PACKING pc=0x000001e8b4ee36dc sp=0x00000005968f7c60
Event: 20.703 Thread 0x000001e8ae67ddb0 DEOPT UNPACKING pc=0x000001e8b90dace3 sp=0x00000005968f7188 mode 0
Event: 20.708 Thread 0x000001e8ae67ddb0 DEOPT PACKING pc=0x000001e8b5134382 sp=0x00000005968f8330
Event: 20.708 Thread 0x000001e8ae67ddb0 DEOPT UNPACKING pc=0x000001e8b90dace3 sp=0x00000005968f7850 mode 0
Event: 20.710 Thread 0x000001e8ae67ddb0 DEOPT PACKING pc=0x000001e8b4df502d sp=0x00000005968f9440
Event: 20.710 Thread 0x000001e8ae67ddb0 DEOPT UNPACKING pc=0x000001e8b90dace3 sp=0x00000005968f8a58 mode 0
Event: 20.710 Thread 0x000001e8ae67ddb0 DEOPT PACKING pc=0x000001e8b4d1cb42 sp=0x00000005968f91e0
Event: 20.710 Thread 0x000001e8ae67ddb0 DEOPT UNPACKING pc=0x000001e8b90dace3 sp=0x00000005968f8678 mode 0
Event: 20.712 Thread 0x000001e8ae67ddb0 DEOPT PACKING pc=0x000001e8b5002ec7 sp=0x00000005968f8340
Event: 20.712 Thread 0x000001e8ae67ddb0 DEOPT UNPACKING pc=0x000001e8b90dace3 sp=0x00000005968f78b8 mode 0
Event: 20.713 Thread 0x000001e8ae67ddb0 Uncommon trap: trap_request=0xffffff45 fr.pc=0x000001e8b9f65eb0 relative=0x0000000000000270
Event: 20.713 Thread 0x000001e8ae67ddb0 Uncommon trap: reason=unstable_if action=reinterpret pc=0x000001e8b9f65eb0 method=org.jetbrains.org.objectweb.asm.tree.analysis.Frame.execute(Lorg/jetbrains/org/objectweb/asm/tree/AbstractInsnNode;Lorg/jetbrains/org/objectweb/asm/tree/analysis/Interpreter
Event: 20.713 Thread 0x000001e8ae67ddb0 DEOPT PACKING pc=0x000001e8b9f65eb0 sp=0x00000005968f7f80
Event: 20.713 Thread 0x000001e8ae67ddb0 DEOPT UNPACKING pc=0x000001e8b90da1a3 sp=0x00000005968f7f68 mode 2
Event: 20.715 Thread 0x000001e8ae67ddb0 DEOPT PACKING pc=0x000001e8b4ee36dc sp=0x00000005968f8340
Event: 20.715 Thread 0x000001e8ae67ddb0 DEOPT UNPACKING pc=0x000001e8b90dace3 sp=0x00000005968f7868 mode 0
Event: 20.715 Thread 0x000001e8ae67ddb0 DEOPT PACKING pc=0x000001e8b4e48dbd sp=0x00000005968f82f0
Event: 20.715 Thread 0x000001e8ae67ddb0 DEOPT UNPACKING pc=0x000001e8b90dace3 sp=0x00000005968f7878 mode 0
Event: 20.721 Thread 0x000001e8ae67ddb0 DEOPT PACKING pc=0x000001e8b4d1cb42 sp=0x00000005968f9340
Event: 20.721 Thread 0x000001e8ae67ddb0 DEOPT UNPACKING pc=0x000001e8b90dace3 sp=0x00000005968f87d8 mode 0

Classes unloaded (0 events):
No events

Classes redefined (0 events):
No events

Internal exceptions (20 events):
Event: 12.490 Thread 0x000001e8ae67ddb0 Exception <a 'java/lang/NoSuchMethodError'{0x000000070cadf120}: 'java.lang.Object java.lang.invoke.DirectMethodHandle$Holder.newInvokeSpecial(java.lang.Object, int, java.lang.Object, java.lang.Object)'> (0x000000070cadf120) 
thrown [s\src\hotspot\share\interpreter\linkResolver.cpp, line 771]
Event: 12.726 Thread 0x000001e8ae67ddb0 Implicit null exception at 0x000001e8b96c230f to 0x000001e8b96c2590
Event: 13.056 Thread 0x000001e8ae67ddb0 Implicit null exception at 0x000001e8b9b1fa5d to 0x000001e8b9b1fd38
Event: 13.056 Thread 0x000001e8ae67ddb0 Implicit null exception at 0x000001e8b96f88d7 to 0x000001e8b96f8bc4
Event: 13.321 Thread 0x000001e8ae67ddb0 Exception <a 'java/lang/NoSuchMethodError'{0x000000070d4eb298}: 'java.lang.Object java.lang.invoke.DirectMethodHandle$Holder.invokeStaticInit(java.lang.Object, java.lang.Object, java.lang.Object, java.lang.Object)'> (0x000000070d4eb298) 
thrown [s\src\hotspot\share\interpreter\linkResolver.cpp, line 771]
Event: 13.474 Thread 0x000001e8ae67ddb0 Implicit null exception at 0x000001e8b9687058 to 0x000001e8b96870ee
Event: 13.474 Thread 0x000001e8ae67ddb0 Implicit null exception at 0x000001e8b9677e8f to 0x000001e8b9677f09
Event: 13.513 Thread 0x000001e8ae67ddb0 Exception <a 'java/lang/NoSuchMethodError'{0x000000070c93adb8}: 'java.lang.Object java.lang.invoke.DirectMethodHandle$Holder.newInvokeSpecial(java.lang.Object, java.lang.Object, java.lang.Object, int, int)'> (0x000000070c93adb8) 
thrown [s\src\hotspot\share\interpreter\linkResolver.cpp, line 771]
Event: 13.513 Thread 0x000001e8ae67ddb0 Exception <a 'java/lang/NoSuchMethodError'{0x000000070c93ebf8}: 'java.lang.Object java.lang.invoke.DirectMethodHandle$Holder.invokeSpecial(java.lang.Object, java.lang.Object, java.lang.Object, java.lang.Object, int, int)'> (0x000000070c93ebf8) 
thrown [s\src\hotspot\share\interpreter\linkResolver.cpp, line 771]
Event: 13.903 Thread 0x000001e8ae67ddb0 Exception <a 'java/lang/NoSuchMethodError'{0x000000070f908bc8}: 'java.lang.Object java.lang.invoke.DirectMethodHandle$Holder.invokeStatic(java.lang.Object, java.lang.Object, java.lang.Object, int, int, java.lang.Object, java.lang.Object, java.lang.Object, java.lang.Object)'> (0x000000070f908bc8) 
thrown [s\src\hotspot\share\interpreter\linkResolver.cpp, line 771]
Event: 13.904 Thread 0x000001e8ae67ddb0 Exception <a 'java/lang/NoSuchMethodError'{0x000000070f912e90}: 'java.lang.Object java.lang.invoke.DirectMethodHandle$Holder.newInvokeSpecial(java.lang.Object, java.lang.Object, java.lang.Object, int, int, java.lang.Object)'> (0x000000070f912e90) 
thrown [s\src\hotspot\share\interpreter\linkResolver.cpp, line 771]
Event: 13.904 Thread 0x000001e8ae67ddb0 Exception <a 'java/lang/NoSuchMethodError'{0x000000070f91a830}: 'java.lang.Object java.lang.invoke.Invokers$Holder.linkToTargetMethod(java.lang.Object, java.lang.Object, int, int, java.lang.Object, java.lang.Object)'> (0x000000070f91a830) 
thrown [s\src\hotspot\share\interpreter\linkResolver.cpp, line 771]
Event: 13.939 Thread 0x000001e8ae67ddb0 Exception <a 'java/lang/NoSuchMethodError'{0x000000070f629f58}: 'java.lang.Object java.lang.invoke.DirectMethodHandle$Holder.newInvokeSpecial(java.lang.Object, java.lang.Object, int, int, java.lang.Object, java.lang.Object, java.lang.Object)'> (0x000000070f629f58) 
thrown [s\src\hotspot\share\interpreter\linkResolver.cpp, line 771]
Event: 13.939 Thread 0x000001e8ae67ddb0 Exception <a 'java/lang/NoSuchMethodError'{0x000000070f62e5f0}: 'java.lang.Object java.lang.invoke.DirectMethodHandle$Holder.invokeSpecial(java.lang.Object, java.lang.Object, java.lang.Object, int, int, java.lang.Object, java.lang.Object, java.lang.Object)'> (0x000000070f62e5f0) 
thrown [s\src\hotspot\share\interpreter\linkResolver.cpp, line 771]
Event: 13.945 Thread 0x000001e8ae67ddb0 Exception <a 'java/lang/NoSuchMethodError'{0x000000070f651528}: 'java.lang.Object java.lang.invoke.DirectMethodHandle$Holder.invokeSpecial(java.lang.Object, java.lang.Object, int, int, java.lang.Object, java.lang.Object, java.lang.Object, java.lang.Object, java.lang.Object)'> (0x000000070f651528) 
thrown [s\src\hotspot\share\interpreter\linkResolver.cpp, line 771]
Event: 14.136 Thread 0x000001e8ae67ddb0 Implicit null exception at 0x000001e8b968d519 to 0x000001e8b968d7f0
Event: 16.015 Thread 0x000001e8ae67ddb0 Implicit null exception at 0x000001e8b9fb0a35 to 0x000001e8b9fb0c2a
Event: 16.165 Thread 0x000001e8ae67ddb0 Implicit null exception at 0x000001e8b9f90088 to 0x000001e8b9f91974
Event: 17.319 Thread 0x000001e8ae67ddb0 Implicit null exception at 0x000001e8b9bfece7 to 0x000001e8b9bffc08
Event: 18.955 Thread 0x000001e8ae67ddb0 Implicit null exception at 0x000001e8b9a60f84 to 0x000001e8b9a6179c

VM Operations (20 events):
Event: 19.557 Executing VM operation: HandshakeAllThreads done
Event: 19.560 Executing VM operation: ICBufferFull
Event: 19.560 Executing VM operation: ICBufferFull done
Event: 19.675 Executing VM operation: G1CollectForAllocation
Event: 19.679 Executing VM operation: G1CollectForAllocation done
Event: 19.766 Executing VM operation: G1Concurrent
Event: 19.789 Executing VM operation: G1Concurrent done
Event: 19.828 Executing VM operation: G1Concurrent
Event: 19.828 Executing VM operation: G1Concurrent done
Event: 20.060 Executing VM operation: G1CollectForAllocation
Event: 20.066 Executing VM operation: G1CollectForAllocation done
Event: 20.080 Executing VM operation: G1CollectForAllocation
Event: 20.087 Executing VM operation: G1CollectForAllocation done
Event: 20.407 Executing VM operation: G1CollectForAllocation
Event: 20.413 Executing VM operation: G1CollectForAllocation done
Event: 20.516 Executing VM operation: HandshakeAllThreads
Event: 20.516 Executing VM operation: HandshakeAllThreads done
Event: 20.634 Executing VM operation: ICBufferFull
Event: 20.635 Executing VM operation: ICBufferFull done
Event: 20.730 Executing VM operation: G1CollectForAllocation

Events (20 events):
Event: 18.857 Thread 0x000001e8cd455010 flushing nmethod 0x000001e8b4c46410
Event: 18.857 Thread 0x000001e8cd455010 flushing nmethod 0x000001e8b4c46790
Event: 18.857 Thread 0x000001e8cd455010 flushing nmethod 0x000001e8b4c48490
Event: 18.857 Thread 0x000001e8cd455010 flushing nmethod 0x000001e8b4c4ec10
Event: 18.857 Thread 0x000001e8cd455010 flushing nmethod 0x000001e8b4c6a190
Event: 18.857 Thread 0x000001e8cd455010 flushing nmethod 0x000001e8b4ddb610
Event: 20.519 Thread 0x000001e8cd455010 flushing nmethod 0x000001e8b9bf0110
Event: 20.521 Thread 0x000001e8cd455010 flushing nmethod 0x000001e8ba0e5990
Event: 20.521 Thread 0x000001e8cd455010 flushing nmethod 0x000001e8ba12ea90
Event: 20.522 Thread 0x000001e8cd455010 flushing nmethod 0x000001e8b1bd1690
Event: 20.527 Thread 0x000001e8cd455010 flushing nmethod 0x000001e8b2365310
Event: 20.531 Thread 0x000001e8cd455010 flushing nmethod 0x000001e8b26c6f10
Event: 20.534 Thread 0x000001e8cd455010 flushing nmethod 0x000001e8b29dea10
Event: 20.556 Thread 0x000001e8cd455010 flushing nmethod 0x000001e8b44e8d10
Event: 20.556 Thread 0x000001e8cd455010 flushing nmethod 0x000001e8b44faf10
Event: 20.560 Thread 0x000001e8cd455010 flushing nmethod 0x000001e8b4bbc710
Event: 20.560 Thread 0x000001e8cd455010 flushing nmethod 0x000001e8b4bf7010
Event: 20.561 Thread 0x000001e8cd455010 flushing nmethod 0x000001e8b4bff310
Event: 20.561 Thread 0x000001e8cd455010 flushing nmethod 0x000001e8b4c01110
Event: 20.561 Thread 0x000001e8cd455010 flushing nmethod 0x000001e8b4d2a310


Dynamic libraries:
0x00007ff7432f0000 - 0x00007ff7432fa000 	C:\Users\jabarfalih\AppData\Local\Programs\Android Studio\jbr\bin\java.exe
0x00007ff9eddd0000 - 0x00007ff9edfe7000 	C:\WINDOWS\SYSTEM32\ntdll.dll
0x00007ff9ed2d0000 - 0x00007ff9ed394000 	C:\WINDOWS\System32\KERNEL32.DLL
0x00007ff9eb600000 - 0x00007ff9eb9a6000 	C:\WINDOWS\System32\KERNELBASE.dll
0x00007ff9eb470000 - 0x00007ff9eb581000 	C:\WINDOWS\System32\ucrtbase.dll
0x00007ff95f310000 - 0x00007ff95f327000 	C:\Users\jabarfalih\AppData\Local\Programs\Android Studio\jbr\bin\jli.dll
0x00007ff9d03c0000 - 0x00007ff9d03db000 	C:\Users\jabarfalih\AppData\Local\Programs\Android Studio\jbr\bin\VCRUNTIME140.dll
0x00007ff9ed830000 - 0x00007ff9ed9de000 	C:\WINDOWS\System32\USER32.dll
0x00007ff9d3b80000 - 0x00007ff9d3e13000 	C:\WINDOWS\WinSxS\amd64_microsoft.windows.common-controls_6595b64144ccf1df_6.0.22621.2506_none_270c5ae97388e100\COMCTL32.dll
0x00007ff9eb140000 - 0x00007ff9eb166000 	C:\WINDOWS\System32\win32u.dll
0x00007ff9ed4c0000 - 0x00007ff9ed4e9000 	C:\WINDOWS\System32\GDI32.dll
0x00007ff9ed0e0000 - 0x00007ff9ed187000 	C:\WINDOWS\System32\msvcrt.dll
0x00007ff9eb170000 - 0x00007ff9eb288000 	C:\WINDOWS\System32\gdi32full.dll
0x00007ff9eb310000 - 0x00007ff9eb3aa000 	C:\WINDOWS\System32\msvcp_win.dll
0x00007ff9ebb30000 - 0x00007ff9ebb61000 	C:\WINDOWS\System32\IMM32.DLL
0x00007ff9c9e20000 - 0x00007ff9c9e2c000 	C:\Users\jabarfalih\AppData\Local\Programs\Android Studio\jbr\bin\vcruntime140_1.dll
0x00007ff99b110000 - 0x00007ff99b19d000 	C:\Users\jabarfalih\AppData\Local\Programs\Android Studio\jbr\bin\msvcp140.dll
0x00007ff95d230000 - 0x00007ff95deb0000 	C:\Users\jabarfalih\AppData\Local\Programs\Android Studio\jbr\bin\server\jvm.dll
0x00007ff9ed210000 - 0x00007ff9ed2c1000 	C:\WINDOWS\System32\ADVAPI32.dll
0x00007ff9ec020000 - 0x00007ff9ec0c5000 	C:\WINDOWS\System32\sechost.dll
0x00007ff9ed6b0000 - 0x00007ff9ed7c7000 	C:\WINDOWS\System32\RPCRT4.dll
0x00007ff9e2110000 - 0x00007ff9e2144000 	C:\WINDOWS\SYSTEM32\WINMM.dll
0x00007ff9e35c0000 - 0x00007ff9e35ca000 	C:\WINDOWS\SYSTEM32\VERSION.dll
0x00007ff9c9740000 - 0x00007ff9c9749000 	C:\WINDOWS\SYSTEM32\WSOCK32.dll
0x00007ff9ecbe0000 - 0x00007ff9ecc51000 	C:\WINDOWS\System32\WS2_32.dll
0x00007ff9ea200000 - 0x00007ff9ea218000 	C:\WINDOWS\SYSTEM32\kernel.appcore.dll
0x00007ff9e4a30000 - 0x00007ff9e4a3a000 	C:\Users\jabarfalih\AppData\Local\Programs\Android Studio\jbr\bin\jimage.dll
0x00007ff9e8780000 - 0x00007ff9e89b3000 	C:\WINDOWS\SYSTEM32\DBGHELP.DLL
0x00007ff9eda00000 - 0x00007ff9edd89000 	C:\WINDOWS\System32\combase.dll
0x00007ff9ebec0000 - 0x00007ff9ebf97000 	C:\WINDOWS\System32\OLEAUT32.dll
0x00007ff9cdb50000 - 0x00007ff9cdb82000 	C:\WINDOWS\SYSTEM32\dbgcore.DLL
0x00007ff9eb290000 - 0x00007ff9eb30a000 	C:\WINDOWS\System32\bcryptPrimitives.dll
0x00007ff9e4840000 - 0x00007ff9e4865000 	C:\Users\jabarfalih\AppData\Local\Programs\Android Studio\jbr\bin\java.dll
0x00007ff99b620000 - 0x00007ff99b638000 	C:\Users\jabarfalih\AppData\Local\Programs\Android Studio\jbr\bin\zip.dll
0x00007ff9ec0d0000 - 0x00007ff9ec92a000 	C:\WINDOWS\System32\SHELL32.dll
0x00007ff9e9020000 - 0x00007ff9e9916000 	C:\WINDOWS\SYSTEM32\windows.storage.dll
0x00007ff9e8ee0000 - 0x00007ff9e901e000 	C:\WINDOWS\SYSTEM32\wintypes.dll
0x00007ff9ed3c0000 - 0x00007ff9ed4b3000 	C:\WINDOWS\System32\SHCORE.dll
0x00007ff9ebb70000 - 0x00007ff9ebbce000 	C:\WINDOWS\System32\shlwapi.dll
0x00007ff9eb070000 - 0x00007ff9eb096000 	C:\WINDOWS\SYSTEM32\profapi.dll
0x00007ff99a3a0000 - 0x00007ff99a3b9000 	C:\Users\jabarfalih\AppData\Local\Programs\Android Studio\jbr\bin\net.dll
0x00007ff9e3440000 - 0x00007ff9e3577000 	C:\WINDOWS\SYSTEM32\WINHTTP.dll
0x00007ff9ea690000 - 0x00007ff9ea6f9000 	C:\WINDOWS\system32\mswsock.dll
0x00007ff95f5a0000 - 0x00007ff95f5b6000 	C:\Users\jabarfalih\AppData\Local\Programs\Android Studio\jbr\bin\nio.dll
0x00007ff9e4a20000 - 0x00007ff9e4a30000 	C:\Users\jabarfalih\AppData\Local\Programs\Android Studio\jbr\bin\verify.dll

dbghelp: loaded successfully - version: 4.0.5 - missing functions: none
symbol engine: initialized successfully - sym options: 0x614 - pdb path: .;C:\Users\jabarfalih\AppData\Local\Programs\Android Studio\jbr\bin;C:\WINDOWS\SYSTEM32;C:\WINDOWS\WinSxS\amd64_microsoft.windows.common-controls_6595b64144ccf1df_6.0.22621.2506_none_270c5ae97388e100;C:\Users\jabarfalih\AppData\Local\Programs\Android Studio\jbr\bin\server

VM Arguments:
java_command: org.jetbrains.kotlin.cli.jvm.K2JVMCompiler @C:\Users\jabarfalih\AndroidStudioProjects\SIPSTIS\app\build\20231218_2565938641112461290.compiler.options
java_class_path (initial): C:\Users\jabarfalih\.gradle\caches\modules-2\files-2.1\org.jetbrains.kotlin\kotlin-compiler-embeddable\1.8.10\b0757fd774344d54ce93f5ad6c30ba1c1731c8ff\kotlin-compiler-embeddable-1.8.10.jar;C:\Users\jabarfalih\.gradle\caches\modules-2\files-2.1\org.jetbrains.kotlin\kotlin-stdlib\1.8.10\6d5560a229477df9406943d5feda5618e98eb64c\kotlin-stdlib-1.8.10.jar;C:\Users\jabarfalih\.gradle\caches\modules-2\files-2.1\org.jetbrains.kotlin\kotlin-script-runtime\1.8.10\b13ea9c7e46d589139e56086a878763290e20bd5\kotlin-script-runtime-1.8.10.jar;C:\Users\jabarfalih\.gradle\caches\modules-2\files-2.1\org.jetbrains.kotlin\kotlin-reflect\1.6.10\1cbe9c92c12a94eea200d23c2bbaedaf3daf5132\kotlin-reflect-1.6.10.jar;C:\Users\jabarfalih\.gradle\caches\modules-2\files-2.1\org.jetbrains.kotlin\kotlin-daemon-embeddable\1.8.10\ad8541d9bc1cf9e52c3204161247910c2cf601d4\kotlin-daemon-embeddable-1.8.10.jar;C:\Users\jabarfalih\.gradle\caches\modules-2\files-2.1\org.jetbrains.intellij.deps\trove4j\1.0.20200330\3afb14d5f9ceb459d724e907a21145e8ff394f02\trove4j-1.0.20200330.jar;C:\Users\jabarfalih\.gradle\caches\modules-2\files-2.1\net.java.dev.jna\jna\5.6.0\330f2244e9030119ab3030fc3fededc86713d9cc\jna-5.6.0.jar;C:\Users\jabarfalih\.gradle\caches\modules-2\files-2.1\org.jetbrains.kotlin\kotlin-stdlib-common\1.8.10\a61b182458550492c12aee66157d7b524a63a5ec\kotlin-stdlib-common-1.8.10.jar;C:\Users\jabarfalih\.gradle\caches\modules-2\files-2.1\org.jetbrains\annotations\13.0\919f0dfe192fb4e063e7dacadee7f8bb9a2672a9\annotations-13.0.jar
Launcher Type: SUN_STANDARD

[Global flags]
     intx CICompilerCount                          = 4                                         {product} {ergonomic}
     uint ConcGCThreads                            = 3                                         {product} {ergonomic}
     uint G1ConcRefinementThreads                  = 10                                        {product} {ergonomic}
   size_t G1HeapRegionSize                         = 2097152                                   {product} {ergonomic}
    uintx GCDrainStackTargetSize                   = 64                                        {product} {ergonomic}
   size_t InitialHeapSize                          = 266338304                                 {product} {ergonomic}
   size_t MarkStackSize                            = 4194304                                   {product} {ergonomic}
   size_t MaxHeapSize                              = 4234149888                                {product} {ergonomic}
   size_t MaxNewSize                               = 2539651072                                {product} {ergonomic}
   size_t MinHeapDeltaBytes                        = 2097152                                   {product} {ergonomic}
   size_t MinHeapSize                              = 8388608                                   {product} {ergonomic}
    uintx NonNMethodCodeHeapSize                   = 5839372                                {pd product} {ergonomic}
    uintx NonProfiledCodeHeapSize                  = 122909434                              {pd product} {ergonomic}
    uintx ProfiledCodeHeapSize                     = 122909434                              {pd product} {ergonomic}
    uintx ReservedCodeCacheSize                    = 251658240                              {pd product} {ergonomic}
     bool SegmentedCodeCache                       = true                                      {product} {ergonomic}
   size_t SoftMaxHeapSize                          = 4234149888                             {manageable} {ergonomic}
     bool UseCompressedClassPointers               = true                           {product lp64_product} {ergonomic}
     bool UseCompressedOops                        = true                           {product lp64_product} {ergonomic}
     bool UseG1GC                                  = true                                      {product} {ergonomic}
     bool UseLargePagesIndividualAllocation        = false                                  {pd product} {ergonomic}

Logging:
Log output configuration:
 #0: stdout all=warning uptime,level,tags
 #1: stderr all=off uptime,level,tags

Environment Variables:
PATH=C:\Python311\Scripts\;C:\Python311\;C:\Program Files\Common Files\Oracle\Java\javapath;C:\Program Files (x86)\Common Files\Oracle\Java\javapath;C:\Program Files (x86)\Common Files\Intel\Shared Libraries\redist\intel64\compiler;C:\Windows\system32;C:\Windows;C:\Windows\System32\Wbem;C:\Windows\System32\WindowsPowerShell\v1.0\;C:\Windows\System32\OpenSSH\;C:\Program Files (x86)\NVIDIA Corporation\PhysX\Common;C:\Program Files\NVIDIA Corporation\NVIDIA NvDLISR;C:\WINDOWS\system32;C:\WINDOWS;C:\WINDOWS\System32\Wbem;C:\WINDOWS\System32\WindowsPowerShell\v1.0\;C:\WINDOWS\System32\OpenSSH\;C:\Program Files\dotnet\;C:\Program Files\PostgreSQL\15\bin;C:\MinGW\bin;C:\Program Files\Java\jdk-17\bin;C:\Program Files\Java\jdk-21\bin;C:\laragon\bin\php\php-8.0.2-Win32-vs16-x64;C:\ProgramData\ComposerSetup\bin;C:\nodejs\;C:\Program Files\Git\cmd;D:\STIS\Semester 5\Sisjarkom\P8\BIND9.16.44.x64;C:\laragon\bin;C:\laragon\bin\apache\httpd-2.4.54-win64-VS16\bin;C:\laragon\bin\composer;C:\laragon\bin\git\bin;C:\laragon\bin\git\cmd;C:\laragon\bin\git\mingw64\bin;C:\laragon\bin\git\usr\bin;C:\laragon\bin\laragon\utils;C:\laragon\bin\mysql\mysql-8.0.30-winx64\bin;C:\laragon\bin\nginx\nginx-1.22.0;C:\laragon\bin\ngrok;C:\laragon\bin\nodejs\node-v18;C:\laragon\bin\notepad++;C:\laragon\bin\php\php-8.0.2-Win32-vs16-x64;C:\laragon\bin\python\python-3.10;C:\laragon\bin\python\python-3.10\Scripts;C:\laragon\bin\redis\redis-x64-5.0.14.1;C:\laragon\bin\telnet;C:\laragon\usr\bin;C:\Users\jabarfalih\AppData\Local\Yarn\config\global\node_modules\.bin;C:\Users\jabarfalih\AppData\Roaming\Composer\vendor\bin;C:\Users\jabarfalih\AppData\Roaming\npm;C:\Users\jabarfalih\AppData\Local\Programs\Python\Python310\Scripts\;C:\Users\jabarfalih\AppData\Local\Programs\Python\Python310\;C:\Users\jabarfalih\AppData\Local\Microsoft\WindowsApps;C:\Program Files\MongoDB\Server\6.0\bin;C:\Program Files (x86)\Nmap;C:\Users\jabarfalih\AppData\Local\Programs\Microsoft VS Code\bin;C:\Users\jabarfalih\AppData\Local\JetBrain
USERNAME=jabarfalih
OS=Windows_NT
PROCESSOR_IDENTIFIER=Intel64 Family 6 Model 141 Stepping 1, GenuineIntel
TMP=C:\Users\JABARF~1\AppData\Local\Temp
TEMP=C:\Users\JABARF~1\AppData\Local\Temp


JNI global refs:
JNI global refs: 12, weak refs: 32

JNI global refs memory usage: 843, weak refs: 841

OOME stack traces (most recent first):
Classloader memory used:
Loader jdk.internal.loader.ClassLoaders$AppClassLoader                                 : 9853K
Loader bootstrap                                                                       : 1753K
Loader java.net.URLClassLoader                                                         : 444K
Loader jdk.internal.loader.ClassLoaders$PlatformClassLoader                            : 34360B
Loader jdk.internal.reflect.DelegatingClassLoader                                      : 28013B


---------------  S Y S T E M  ---------------

OS:
 Windows 11 , 64 bit Build 22621 (10.0.22621.2506)
OS uptime: 0 days 2:10 hours
Hyper-V role detected

CPU: total 12 (initial active 12) (6 cores per cpu, 2 threads per core) family 6 model 141 stepping 1 microcode 0x3c, cx8, cmov, fxsr, ht, mmx, 3dnowpref, sse, sse2, sse3, ssse3, sse4.1, sse4.2, popcnt, lzcnt, tsc, tscinvbit, avx, avx2, aes, erms, clmul, bmi1, bmi2, adx, avx512f, avx512dq, avx512cd, avx512bw, avx512vl, sha, fma, vzeroupper, avx512_vpopcntdq, avx512_vpclmulqdq, avx512_vaes, avx512_vnni, clflush, clflushopt, clwb, avx512_vbmi2, avx512_vbmi, hv

Memory: 4k page, system-wide physical 16147M (3032M free)
TotalPageFile size 18195M (AvailPageFile size 304M)
current process WorkingSet (physical memory assigned to process): 563M, peak: 572M
current process commit charge ("private bytes"): 603M, peak: 932M

vm_info: OpenJDK 64-Bit Server VM (17.0.7+0-b2043.56-10550314) for windows-amd64 JRE (17.0.7+0-b2043.56-10550314), built on Jul 24 2023 18:27:45 by "androidbuild" with MS VC++ 16.10 / 16.11 (VS2019)

END.
